[1/14/23, 11:57 PM]: KaporTV break block 'sand block' at -206.5, 33.5, 793.5 in world 'world'
[1/14/23, 11:57 PM]: KaporTV break block 'sand block' at -203.5, 33.5, 791.5 in world 'world'
[1/14/23, 11:57 PM]: KaporTV break block 'sand block' at -205.5, 33.5, 796.5 in world 'world'
[1/14/23, 11:57 PM]: KaporTV break block 'sand block' at -203.5, 33.5, 796.5 in world 'world'
[1/14/23, 11:56 PM]: KaporTV break block 'sand block' at -205.5, 33.5, 807.5 in world 'world'
[1/14/23, 11:56 PM]: KaporTV break block 'sand block' at -204.5, 33.5, 808.5 in world 'world'
[1/14/23, 10:34 PM]: gabi_86 break block 'tinted glass' at -697.5, 25.5, 804.5 in world 'world'
[1/14/23, 10:33 PM]: gabi_86 break block 'tinted glass' at -685.5, 31.5, 803.5 in world 'world'
[1/14/23, 10:27 PM]: gabi_86 break block 'grass block' at 243.5, 64.5, -189.5 in world 'world'
[1/14/23, 10:26 PM]: gabi_86 break block 'grass block' at 243.5, 64.5, -190.5 in world 'world'
[1/14/23, 10:26 PM]: gabi_86 break block 'dirt block' at 243.5, 63.5, -190.5 in world 'world'
[1/14/23, 10:26 PM]: gabi_86 break block 'grass block' at 243.5, 64.5, -190.5 in world 'world'
[1/14/23, 10:26 PM]: gabi_86 break block 'stone block' at 243.5, 61.5, -190.5 in world 'world'
[1/14/23, 10:26 PM]: gabi_86 break block 'stone block' at 243.5, 61.5, -189.5 in world 'world'
[1/14/23, 10:26 PM]: gabi_86 break block 'stone block' at 243.5, 62.5, -190.5 in world 'world'
[1/14/23, 10:26 PM]: gabi_86 break block 'stone block' at 243.5, 62.5, -189.5 in world 'world'
[1/14/23, 10:26 PM]: gabi_86 break block 'dirt block' at 243.5, 63.5, -189.5 in world 'world'
[1/14/23, 10:26 PM]: gabi_86 break block 'grass block' at 243.5, 64.5, -189.5 in world 'world'
[1/14/23, 10:26 PM]: gabi_86 break block 'grass block' at 243.5, 64.5, -188.5 in world 'world'
[1/14/23, 10:24 PM]: gabi_86 break block 'air' at 258.5, 64.5, -243.5 in world 'resource_world'
[1/14/23, 10:24 PM]: gabi_86 break block 'normal sandstone block' at 258.5, 63.5, -243.5 in world 'resource_world'
[1/14/23, 10:24 PM]: gabi_86 break block 'normal sandstone block' at 258.5, 62.5, -243.5 in world 'resource_world'
[1/14/23, 10:24 PM]: gabi_86 break block 'air' at 259.5, 64.5, -243.5 in world 'resource_world'
[1/14/23, 10:24 PM]: gabi_86 break block 'normal sandstone block' at 259.5, 63.5, -243.5 in world 'resource_world'
[1/14/23, 10:24 PM]: gabi_86 break block 'normal sandstone block' at 260.5, 62.5, -243.5 in world 'resource_world'
[1/14/23, 10:24 PM]: gabi_86 break block 'normal sandstone block' at 259.5, 62.5, -243.5 in world 'resource_world'
[1/14/23, 10:24 PM]: gabi_86 break block 'normal sandstone block' at 259.5, 61.5, -243.5 in world 'resource_world'
[1/14/23, 10:24 PM]: gabi_86 break block 'normal sandstone block' at 259.5, 59.5, -243.5 in world 'resource_world'
[1/14/23, 10:24 PM]: gabi_86 break block 'normal sandstone block' at 259.5, 60.5, -243.5 in world 'resource_world'
[1/14/23, 10:24 PM]: gabi_86 break block 'normal sandstone block' at 258.5, 61.5, -243.5 in world 'resource_world'
[1/14/23, 10:24 PM]: gabi_86 break block 'normal sandstone block' at 258.5, 60.5, -243.5 in world 'resource_world'
[1/14/23, 10:24 PM]: gabi_86 break block 'normal sandstone block' at 258.5, 59.5, -243.5 in world 'resource_world'
[1/14/23, 10:24 PM]: gabi_86 break block 'normal sandstone block' at 258.5, 58.5, -243.5 in world 'resource_world'
[1/14/23, 10:24 PM]: gabi_86 break block 'normal sandstone block' at 258.5, 57.5, -243.5 in world 'resource_world'
[1/14/23, 10:24 PM]: gabi_86 break block 'normal sandstone block' at 258.5, 56.5, -243.5 in world 'resource_world'
[1/14/23, 10:24 PM]: gabi_86 break block 'normal sandstone block' at 258.5, 55.5, -243.5 in world 'resource_world'
[1/14/23, 10:24 PM]: gabi_86 break block 'normal sandstone block' at 258.5, 54.5, -243.5 in world 'resource_world'
[1/14/23, 10:24 PM]: gabi_86 break block 'normal sandstone block' at 258.5, 53.5, -243.5 in world 'resource_world'
[1/14/23, 10:24 PM]: gabi_86 break block 'normal sandstone block' at 259.5, 56.5, -243.5 in world 'resource_world'
[1/14/23, 10:24 PM]: gabi_86 break block 'normal sandstone block' at 259.5, 55.5, -243.5 in world 'resource_world'
[1/14/23, 10:24 PM]: gabi_86 break block 'normal sandstone block' at 259.5, 54.5, -243.5 in world 'resource_world'
[1/14/23, 10:24 PM]: gabi_86 break block 'normal sandstone block' at 259.5, 53.5, -243.5 in world 'resource_world'
[1/14/23, 10:24 PM]: gabi_86 break block 'normal sandstone block' at 259.5, 52.5, -243.5 in world 'resource_world'
[1/14/23, 10:24 PM]: gabi_86 break block 'normal sandstone block' at 258.5, 52.5, -243.5 in world 'resource_world'
[1/14/23, 10:24 PM]: gabi_86 break block 'normal sandstone block' at 258.5, 51.5, -243.5 in world 'resource_world'
[1/14/23, 10:24 PM]: gabi_86 break block 'normal sandstone block' at 259.5, 51.5, -243.5 in world 'resource_world'
[1/14/23, 10:22 PM]: gabi_86 break block 'sand block' at -93.5, 73.5, -244.5 in world 'resource_world'
[1/14/23, 10:22 PM]: gabi_86 break block 'sand block' at -93.5, 74.5, -244.5 in world 'resource_world'
[1/14/23, 10:22 PM]: gabi_86 break block 'dead grass' at -103.5, 73.5, -245.5 in world 'resource_world'
[1/14/23, 10:20 PM]: gabi_86 break block 'sand block' at -131.5, 62.5, -259.5 in world 'resource_world'
[1/14/23, 10:20 PM]: gabi_86 break block 'sand block' at -131.5, 63.5, -259.5 in world 'resource_world'
[1/14/23, 10:20 PM]: gabi_86 break block 'sand block' at -131.5, 62.5, -260.5 in world 'resource_world'
[1/14/23, 10:20 PM]: gabi_86 break block 'sand block' at -131.5, 63.5, -260.5 in world 'resource_world'
[1/14/23, 10:20 PM]: gabi_86 break block 'sand block' at -130.5, 62.5, -259.5 in world 'resource_world'
[1/14/23, 10:20 PM]: gabi_86 break block 'sand block' at -130.5, 63.5, -259.5 in world 'resource_world'
[1/14/23, 10:20 PM]: gabi_86 break block 'sand block' at -130.5, 62.5, -260.5 in world 'resource_world'
[1/14/23, 10:20 PM]: gabi_86 break block 'sand block' at -130.5, 63.5, -260.5 in world 'resource_world'
[1/14/23, 10:19 PM]: gabi_86 break block 'sand block' at -128.5, 62.5, -259.5 in world 'resource_world'
[1/14/23, 10:19 PM]: gabi_86 break block 'sand block' at -128.5, 63.5, -259.5 in world 'resource_world'
[1/14/23, 10:19 PM]: gabi_86 break block 'sand block' at -128.5, 62.5, -260.5 in world 'resource_world'
[1/14/23, 10:19 PM]: gabi_86 break block 'sand block' at -128.5, 63.5, -260.5 in world 'resource_world'
[1/14/23, 10:19 PM]: gabi_86 break block 'sand block' at -127.5, 62.5, -260.5 in world 'resource_world'
[1/14/23, 10:19 PM]: gabi_86 break block 'sand block' at -127.5, 63.5, -260.5 in world 'resource_world'
[1/14/23, 10:19 PM]: gabi_86 break block 'sand block' at -127.5, 62.5, -259.5 in world 'resource_world'
[1/14/23, 10:03 PM]: gabi_86 break block 'sand block' at -86.5, 75.5, -210.5 in world 'resource_world'
[1/14/23, 10:03 PM]: gabi_86 break block 'sand block' at -87.5, 75.5, -209.5 in world 'resource_world'
[1/14/23, 10:03 PM]: gabi_86 break block 'sand block' at -87.5, 76.5, -209.5 in world 'resource_world'
[1/14/23, 10:03 PM]: gabi_86 break block 'sand block' at -87.5, 75.5, -210.5 in world 'resource_world'
[1/14/23, 10:03 PM]: gabi_86 break block 'sand block' at -87.5, 76.5, -210.5 in world 'resource_world'
[1/14/23, 10:03 PM]: gabi_86 break block 'sand block' at -86.5, 75.5, -209.5 in world 'resource_world'
[1/14/23, 10:03 PM]: gabi_86 break block 'sand block' at -86.5, 76.5, -209.5 in world 'resource_world'
[1/14/23, 10:03 PM]: gabi_86 break block 'sand block' at -86.5, 76.5, -210.5 in world 'resource_world'
[1/14/23, 8:25 PM]: Sydras_ break block 'downward dark gray shulker box' at -699.5, 25.5, 806.5 in world 'world'
[1/14/23, 8:25 PM]: Sydras_ break block 'downward light blue shulker box' at -700.5, 25.5, 806.5 in world 'world'
[1/14/23, 8:25 PM]: Sydras_ break block 'downward normal shulker box' at -701.5, 25.5, 806.5 in world 'world'
[1/14/23, 8:25 PM]: Sydras_ break block 'downward normal shulker box' at -702.5, 25.5, 805.5 in world 'world'
[1/14/23, 8:25 PM]: Sydras_ break block 'downward normal shulker box' at -701.5, 25.5, 805.5 in world 'world'
[1/14/23, 8:24 PM]: Sydras_ break block 'downward normal shulker box' at -699.5, 25.5, 805.5 in world 'world'
[1/14/23, 8:24 PM]: Sydras_ break block 'downward normal shulker box' at -700.5, 25.5, 805.5 in world 'world'
[1/14/23, 8:24 PM]: Sydras_ break block 'downward normal shulker box' at -700.5, 25.5, 804.5 in world 'world'
[1/14/23, 8:24 PM]: Sydras_ break block 'downward normal shulker box' at -701.5, 25.5, 804.5 in world 'world'
[1/14/23, 8:24 PM]: Sydras_ break block 'downward normal shulker box' at -703.5, 25.5, 804.5 in world 'world'
[1/14/23, 8:24 PM]: Sydras_ break block 'downward normal shulker box' at -702.5, 25.5, 804.5 in world 'world'
[1/14/23, 8:24 PM]: Sydras_ break block 'downward normal shulker box' at -702.5, 25.5, 803.5 in world 'world'
[1/14/23, 8:24 PM]: Sydras_ break block 'downward normal shulker box' at -699.5, 25.5, 802.5 in world 'world'
[1/14/23, 8:24 PM]: Sydras_ break block 'downward normal shulker box' at -699.5, 25.5, 803.5 in world 'world'
[1/14/23, 8:24 PM]: Sydras_ break block 'downward normal shulker box' at -700.5, 25.5, 803.5 in world 'world'
[1/14/23, 8:24 PM]: Sydras_ break block 'downward normal shulker box' at -700.5, 25.5, 801.5 in world 'world'
[1/14/23, 8:24 PM]: Sydras_ break block 'downward normal shulker box' at -700.5, 25.5, 802.5 in world 'world'
[1/14/23, 8:24 PM]: Sydras_ break block 'downward normal shulker box' at -701.5, 25.5, 802.5 in world 'world'
[1/14/23, 8:24 PM]: mixygames break block 'flowing water' at 275.5, 63.5, -8.5 in world 'world'
[1/14/23, 8:23 PM]: mixygames break block 'top-half tall seagrass' at 245.5, 52.5, 46.5 in world 'world'
[1/14/23, 8:23 PM]: mixygames break block 'water' at 244.5, 53.5, 45.5 in world 'world'
[1/14/23, 8:23 PM]: mixygames break block 'water' at 242.5, 52.5, 50.5 in world 'world'
[1/14/23, 8:23 PM]: mixygames break block 'water' at 240.5, 51.5, 49.5 in world 'world'
[1/14/23, 8:23 PM]: mixygames break block 'water' at 239.5, 51.5, 49.5 in world 'world'
[1/14/23, 8:22 PM]: mixygames break block 'water' at 243.5, 58.5, 46.5 in world 'world'
[1/14/23, 8:22 PM]: mixygames break block 'water' at 256.5, 56.5, 18.5 in world 'world'
[1/14/23, 8:22 PM]: mixygames break block 'water' at 257.5, 56.5, 17.5 in world 'world'
[1/14/23, 8:22 PM]: mixygames break block 'water' at 257.5, 56.5, 17.5 in world 'world'
[1/14/23, 8:22 PM]: mixygames break block 'water' at 257.5, 57.5, 17.5 in world 'world'
[1/14/23, 8:22 PM]: mixygames break block 'water' at 257.5, 57.5, 15.5 in world 'world'
[1/14/23, 8:22 PM]: mixygames break block 'water' at 257.5, 58.5, 14.5 in world 'world'
[1/14/23, 8:22 PM]: mixygames break block 'water' at 257.5, 59.5, 14.5 in world 'world'
[1/14/23, 8:22 PM]: mixygames break block 'water' at 257.5, 60.5, 13.5 in world 'world'
[1/14/23, 8:22 PM]: mixygames break block 'water' at 257.5, 62.5, 12.5 in world 'world'
[1/14/23, 8:22 PM]: mixygames break block 'air' at 257.5, 63.5, 11.5 in world 'world'
[1/14/23, 8:22 PM]: Sydras_ break block 'cobblestone block' at -705.5, 29.5, 810.5 in world 'world'
[1/14/23, 8:21 PM]: mixygames break block 'water' at 113.5, 44.5, 8.5 in world 'world'
[1/14/23, 8:21 PM]: mixygames break block 'water' at 118.5, 49.5, 2.5 in world 'world'
[1/14/23, 8:21 PM]: Sydras_ break block 'cobblestone block' at -706.5, 28.5, 811.5 in world 'world'
[1/14/23, 8:18 PM]: mixygames break block 'air' at 251.5, 63.5, 8.5 in world 'world'
[1/14/23, 8:18 PM]: Sydras_ break block 'hopper' at -705.5, 27.5, 810.5 in world 'world'
[1/14/23, 8:18 PM]: mixygames break block 'water' at 252.5, 58.5, 26.5 in world 'world'
[1/14/23, 8:18 PM]: mixygames break block 'water' at 250.5, 58.5, 27.5 in world 'world'
[1/14/23, 8:18 PM]: mixygames break block 'water' at 253.5, 58.5, 22.5 in world 'world'
[1/14/23, 8:18 PM]: mixygames break block 'water' at 251.5, 59.5, 27.5 in world 'world'
[1/14/23, 8:18 PM]: mixygames break block 'air' at 253.5, 59.5, 20.5 in world 'world'
[1/14/23, 8:18 PM]: mixygames break block 'water' at 253.5, 59.5, 19.5 in world 'world'
[1/14/23, 8:17 PM]: mixygames break block 'water' at 254.5, 60.5, 18.5 in world 'world'
[1/14/23, 8:17 PM]: mixygames break block 'water' at 255.5, 62.5, 18.5 in world 'world'
[1/14/23, 8:17 PM]: mixygames break block 'air' at 256.5, 63.5, 16.5 in world 'world'
[1/14/23, 8:17 PM]: mixygames break block 'air' at 256.5, 63.5, 15.5 in world 'world'
[1/14/23, 8:13 PM]: Sydras_ break block 'stone block' at -709.5, 29.5, 809.5 in world 'world'
[1/14/23, 8:13 PM]: Sydras_ break block 'stone block' at -709.5, 29.5, 810.5 in world 'world'
[1/14/23, 8:13 PM]: Sydras_ break block 'stone block' at -709.5, 29.5, 811.5 in world 'world'
[1/14/23, 8:13 PM]: Sydras_ break block 'raw andesite' at -710.5, 29.5, 812.5 in world 'world'
[1/14/23, 8:13 PM]: Sydras_ break block 'raw andesite' at -709.5, 29.5, 812.5 in world 'world'
[1/14/23, 8:13 PM]: Sydras_ break block 'raw andesite' at -707.5, 28.5, 814.5 in world 'world'
[1/14/23, 8:13 PM]: Sydras_ break block 'raw andesite' at -706.5, 28.5, 814.5 in world 'world'
[1/14/23, 8:13 PM]: Sydras_ break block 'raw andesite' at -705.5, 28.5, 814.5 in world 'world'
[1/14/23, 8:13 PM]: Sydras_ break block 'raw andesite' at -705.5, 27.5, 814.5 in world 'world'
[1/14/23, 8:13 PM]: Sydras_ break block 'cobblestone block' at -705.5, 27.5, 813.5 in world 'world'
[1/14/23, 8:13 PM]: Sydras_ break block 'raw andesite' at -708.5, 29.5, 812.5 in world 'world'
[1/14/23, 8:13 PM]: Sydras_ break block 'raw andesite' at -707.5, 29.5, 812.5 in world 'world'
[1/14/23, 8:13 PM]: Sydras_ break block 'stone block' at -708.5, 29.5, 811.5 in world 'world'
[1/14/23, 8:13 PM]: Sydras_ break block 'stone block' at -707.5, 29.5, 811.5 in world 'world'
[1/14/23, 8:13 PM]: Sydras_ break block 'stone block' at -708.5, 29.5, 810.5 in world 'world'
[1/14/23, 8:13 PM]: Sydras_ break block 'stone block' at -707.5, 29.5, 810.5 in world 'world'
[1/14/23, 8:13 PM]: Sydras_ break block 'stone block' at -708.5, 29.5, 809.5 in world 'world'
[1/14/23, 8:13 PM]: Sydras_ break block 'stone block' at -707.5, 29.5, 809.5 in world 'world'
[1/14/23, 8:13 PM]: Sydras_ break block 'stone block' at -706.5, 29.5, 809.5 in world 'world'
[1/14/23, 8:13 PM]: Sydras_ break block 'stone block' at -705.5, 29.5, 809.5 in world 'world'
[1/14/23, 8:13 PM]: Sydras_ break block 'stone block' at -706.5, 29.5, 810.5 in world 'world'
[1/14/23, 8:13 PM]: Sydras_ break block 'stone block' at -705.5, 29.5, 810.5 in world 'world'
[1/14/23, 8:13 PM]: Sydras_ break block 'stone block' at -706.5, 29.5, 811.5 in world 'world'
[1/14/23, 8:13 PM]: Sydras_ break block 'raw andesite' at -705.5, 29.5, 811.5 in world 'world'
[1/14/23, 8:13 PM]: Sydras_ break block 'raw andesite' at -706.5, 29.5, 812.5 in world 'world'
[1/14/23, 8:13 PM]: Sydras_ break block 'raw andesite' at -705.5, 29.5, 812.5 in world 'world'
[1/14/23, 8:13 PM]: Sydras_ break block 'raw andesite' at -709.5, 28.5, 812.5 in world 'world'
[1/14/23, 8:13 PM]: Sydras_ break block 'stone block' at -709.5, 28.5, 811.5 in world 'world'
[1/14/23, 8:13 PM]: Sydras_ break block 'stone block' at -709.5, 28.5, 810.5 in world 'world'
[1/14/23, 8:13 PM]: Sydras_ break block 'stone block' at -709.5, 28.5, 809.5 in world 'world'
[1/14/23, 8:13 PM]: Sydras_ break block 'stone block' at -708.5, 28.5, 809.5 in world 'world'
[1/14/23, 8:13 PM]: Sydras_ break block 'stone block' at -708.5, 28.5, 810.5 in world 'world'
[1/14/23, 8:13 PM]: Sydras_ break block 'stone block' at -708.5, 28.5, 811.5 in world 'world'
[1/14/23, 8:13 PM]: Sydras_ break block 'raw andesite' at -708.5, 28.5, 812.5 in world 'world'
[1/14/23, 8:13 PM]: Sydras_ break block 'raw andesite' at -706.5, 28.5, 812.5 in world 'world'
[1/14/23, 8:13 PM]: Sydras_ break block 'raw andesite' at -705.5, 28.5, 812.5 in world 'world'
[1/14/23, 8:13 PM]: Sydras_ break block 'raw andesite' at -707.5, 28.5, 812.5 in world 'world'
[1/14/23, 8:13 PM]: Sydras_ break block 'stone block' at -707.5, 28.5, 811.5 in world 'world'
[1/14/23, 8:13 PM]: Sydras_ break block 'raw andesite' at -706.5, 28.5, 811.5 in world 'world'
[1/14/23, 8:13 PM]: Sydras_ break block 'raw andesite' at -705.5, 28.5, 811.5 in world 'world'
[1/14/23, 8:13 PM]: Sydras_ break block 'stone block' at -707.5, 28.5, 810.5 in world 'world'
[1/14/23, 8:13 PM]: Sydras_ break block 'stone block' at -706.5, 28.5, 810.5 in world 'world'
[1/14/23, 8:13 PM]: Sydras_ break block 'stone block' at -705.5, 28.5, 810.5 in world 'world'
[1/14/23, 8:13 PM]: Sydras_ break block 'stone block' at -707.5, 28.5, 809.5 in world 'world'
[1/14/23, 8:13 PM]: Sydras_ break block 'stone block' at -706.5, 28.5, 809.5 in world 'world'
[1/14/23, 8:13 PM]: Sydras_ break block 'stone block' at -705.5, 28.5, 809.5 in world 'world'
[1/14/23, 8:13 PM]: Sydras_ break block 'stone block' at -709.5, 26.5, 811.5 in world 'world'
[1/14/23, 8:13 PM]: Sydras_ break block 'stone block' at -709.5, 26.5, 810.5 in world 'world'
[1/14/23, 8:13 PM]: Sydras_ break block 'stone block' at -708.5, 26.5, 810.5 in world 'world'
[1/14/23, 8:13 PM]: Sydras_ break block 'stone block' at -709.5, 26.5, 809.5 in world 'world'
[1/14/23, 8:13 PM]: Sydras_ break block 'stone block' at -708.5, 26.5, 809.5 in world 'world'
[1/14/23, 8:13 PM]: Sydras_ break block 'stone block' at -709.5, 27.5, 809.5 in world 'world'
[1/14/23, 8:13 PM]: Sydras_ break block 'stone block' at -708.5, 27.5, 809.5 in world 'world'
[1/14/23, 8:13 PM]: Sydras_ break block 'stone block' at -709.5, 27.5, 810.5 in world 'world'
[1/14/23, 8:13 PM]: Sydras_ break block 'stone block' at -708.5, 27.5, 810.5 in world 'world'
[1/14/23, 8:13 PM]: Sydras_ break block 'stone block' at -709.5, 27.5, 811.5 in world 'world'
[1/14/23, 8:13 PM]: Sydras_ break block 'stone block' at -708.5, 27.5, 811.5 in world 'world'
[1/14/23, 8:13 PM]: Sydras_ break block 'raw andesite' at -709.5, 27.5, 812.5 in world 'world'
[1/14/23, 8:13 PM]: Sydras_ break block 'raw andesite' at -709.5, 26.5, 812.5 in world 'world'
[1/14/23, 8:13 PM]: Sydras_ break block 'raw andesite' at -708.5, 27.5, 812.5 in world 'world'
[1/14/23, 8:13 PM]: Sydras_ break block 'raw andesite' at -708.5, 26.5, 812.5 in world 'world'
[1/14/23, 8:13 PM]: Sydras_ break block 'cobblestone block' at -705.5, 26.5, 812.5 in world 'world'
[1/14/23, 8:13 PM]: Sydras_ break block 'raw andesite' at -707.5, 27.5, 812.5 in world 'world'
[1/14/23, 8:13 PM]: Sydras_ break block 'raw andesite' at -705.5, 27.5, 812.5 in world 'world'
[1/14/23, 8:13 PM]: Sydras_ break block 'stone block' at -708.5, 26.5, 811.5 in world 'world'
[1/14/23, 8:13 PM]: Sydras_ break block 'cobblestone block' at -705.5, 26.5, 811.5 in world 'world'
[1/14/23, 8:12 PM]: Sydras_ break block 'cobblestone block' at -705.5, 26.5, 810.5 in world 'world'
[1/14/23, 8:12 PM]: Sydras_ break block 'stone block' at -707.5, 26.5, 809.5 in world 'world'
[1/14/23, 8:12 PM]: Sydras_ break block 'cobblestone block' at -705.5, 26.5, 809.5 in world 'world'
[1/14/23, 8:12 PM]: Sydras_ break block 'stone block' at -707.5, 27.5, 809.5 in world 'world'
[1/14/23, 8:12 PM]: Sydras_ break block 'stone block' at -706.5, 27.5, 809.5 in world 'world'
[1/14/23, 8:12 PM]: Sydras_ break block 'cobblestone block' at -705.5, 27.5, 809.5 in world 'world'
[1/14/23, 8:12 PM]: Sydras_ break block 'stone block' at -707.5, 27.5, 810.5 in world 'world'
[1/14/23, 8:12 PM]: Sydras_ break block 'stone block' at -707.5, 27.5, 811.5 in world 'world'
[1/14/23, 8:12 PM]: Sydras_ break block 'cobblestone block' at -705.5, 27.5, 811.5 in world 'world'
[1/14/23, 8:12 PM]: Sydras_ break block 'cobblestone block' at -705.5, 27.5, 810.5 in world 'world'
[1/14/23, 8:12 PM]: Sydras_ break block 'archery target block' at 481.5, 72.5, -266.5 in world 'world'
[1/14/23, 7:59 PM]: mixygames break block 'slime block' at -680.5, 19.5, 829.5 in world 'world'
[1/14/23, 7:59 PM]: mixygames break block 'slime block' at -680.5, 18.5, 830.5 in world 'world'
[1/14/23, 7:59 PM]: mixygames break block 'slime block' at -680.5, 18.5, 828.5 in world 'world'
[1/14/23, 7:58 PM]: mixygames break block 'cobblestone block' at -678.5, 31.5, 828.5 in world 'world'
[1/14/23, 7:58 PM]: mixygames break block 'cobblestone block' at -679.5, 32.5, 828.5 in world 'world'
[1/14/23, 7:58 PM]: mixygames break block 'cobblestone block' at -679.5, 34.5, 830.5 in world 'world'
[1/14/23, 7:58 PM]: mixygames break block 'westward redstone observer' at -679.5, 33.5, 828.5 in world 'world'
[1/14/23, 7:58 PM]: mixygames break block 'westward blue glazed terracotta block' at -678.5, 32.5, 827.5 in world 'world'
[1/14/23, 7:58 PM]: mixygames break block 'slime block' at -678.5, 33.5, 828.5 in world 'world'
[1/14/23, 7:58 PM]: mixygames break block 'upward sticky piston' at -678.5, 34.5, 828.5 in world 'world'
[1/14/23, 7:58 PM]: mixygames break block 'honey block' at -677.5, 35.5, 828.5 in world 'world'
[1/14/23, 7:58 PM]: mixygames break block 'honey block' at -678.5, 35.5, 828.5 in world 'world'
[1/14/23, 7:58 PM]: mixygames break block 'honey block' at -679.5, 35.5, 828.5 in world 'world'
[1/14/23, 7:58 PM]: mixygames break block 'raw prismarine block' at -677.5, 36.5, 828.5 in world 'world'
[1/14/23, 7:58 PM]: mixygames break block 'raw prismarine block' at -678.5, 36.5, 828.5 in world 'world'
[1/14/23, 7:58 PM]: mixygames break block 'raw prismarine block' at -679.5, 36.5, 828.5 in world 'world'
[1/14/23, 7:58 PM]: mixygames break block 'stone block' at -678.5, 33.5, 833.5 in world 'world'
[1/14/23, 7:58 PM]: mixygames break block 'cobblestone block' at -678.5, 33.5, 834.5 in world 'world'
[1/14/23, 7:57 PM]: mixygames break block 'redstone wire' at -678.5, 34.5, 834.5 in world 'world'
[1/14/23, 7:57 PM]: mixygames break block 'redstone wire' at -678.5, 34.5, 833.5 in world 'world'
[1/14/23, 7:57 PM]: mixygames break block 'redstone wire' at -679.5, 33.5, 833.5 in world 'world'
[1/14/23, 7:57 PM]: mixygames break block 'redstone wire' at -678.5, 34.5, 833.5 in world 'world'
[1/14/23, 7:57 PM]: mixygames break block 'redstone wire' at -678.5, 34.5, 832.5 in world 'world'
[1/14/23, 7:57 PM]: mixygames break block 'crying obsidian' at -678.5, 35.5, 831.5 in world 'world'
[1/14/23, 7:57 PM]: mixygames break block 'slime block' at -678.5, 33.5, 829.5 in world 'world'
[1/14/23, 7:57 PM]: mixygames break block 'downward sticky piston' at -678.5, 35.5, 829.5 in world 'world'
[1/14/23, 7:57 PM]: mixygames break block 'slime block' at -678.5, 36.5, 829.5 in world 'world'
[1/14/23, 7:57 PM]: mixygames break block 'westward redstone observer' at -679.5, 34.5, 829.5 in world 'world'
[1/14/23, 7:57 PM]: mixygames break block 'honey block' at -679.5, 35.5, 829.5 in world 'world'
[1/14/23, 7:57 PM]: mixygames break block 'raw prismarine block' at -679.5, 36.5, 829.5 in world 'world'
[1/14/23, 7:57 PM]: mixygames break block 'honey block' at -677.5, 35.5, 829.5 in world 'world'
[1/14/23, 7:57 PM]: mixygames break block 'raw prismarine block' at -677.5, 36.5, 829.5 in world 'world'
[1/14/23, 7:57 PM]: mixygames break block 'slime block' at -678.5, 33.5, 830.5 in world 'world'
[1/14/23, 7:57 PM]: mixygames break block 'westward redstone observer' at -679.5, 33.5, 830.5 in world 'world'
[1/14/23, 7:57 PM]: mixygames break block 'upward sticky piston' at -678.5, 34.5, 830.5 in world 'world'
[1/14/23, 7:57 PM]: mixygames break block 'slime block' at -679.5, 36.5, 830.5 in world 'world'
[1/14/23, 7:57 PM]: mixygames break block 'raw prismarine block' at -679.5, 37.5, 830.5 in world 'world'
[1/14/23, 7:57 PM]: mixygames break block 'slime block' at -678.5, 36.5, 830.5 in world 'world'
[1/14/23, 7:57 PM]: mixygames break block 'slime block' at -677.5, 36.5, 830.5 in world 'world'
[1/14/23, 7:57 PM]: mixygames break block 'raw prismarine block' at -678.5, 37.5, 830.5 in world 'world'
[1/14/23, 7:57 PM]: mixygames break block 'raw prismarine block' at -677.5, 37.5, 830.5 in world 'world'
[1/14/23, 7:56 PM]: mixygames break block 'cobblestone block' at -677.5, 22.5, 830.5 in world 'world'
[1/14/23, 7:56 PM]: mixygames break block 'cobblestone block' at -677.5, 23.5, 830.5 in world 'world'
[1/14/23, 7:56 PM]: mixygames break block 'cobblestone block' at -678.5, 25.5, 830.5 in world 'world'
[1/14/23, 7:56 PM]: mixygames break block 'cobblestone block' at -679.5, 27.5, 830.5 in world 'world'
[1/14/23, 7:56 PM]: mixygames break block 'cobblestone block' at -677.5, 29.5, 830.5 in world 'world'
[1/14/23, 7:56 PM]: mixygames break block 'cobblestone block' at -678.5, 31.5, 830.5 in world 'world'
[1/14/23, 7:56 PM]: mixygames break block 'cobblestone block' at -677.5, 34.5, 829.5 in world 'world'
[1/14/23, 7:56 PM]: mixygames break block 'cobblestone block' at -679.5, 33.5, 830.5 in world 'world'
[1/14/23, 7:56 PM]: mixygames break block 'obsidian block' at -679.5, 36.5, 831.5 in world 'world'
[1/14/23, 7:55 PM]: mixygames break block 'westward purple glazed terracotta block' at -677.5, 35.5, 831.5 in world 'world'
[1/14/23, 7:55 PM]: mixygames break block 'eastward purple glazed terracotta block' at -677.5, 35.5, 831.5 in world 'world'
[1/14/23, 7:55 PM]: mixygames break block 'eastward purple glazed terracotta block' at -679.5, 35.5, 831.5 in world 'world'
[1/14/23, 7:55 PM]: mixygames break block 'purple glazed terracotta block' at -679.5, 35.5, 831.5 in world 'world'
[1/14/23, 7:55 PM]: mixygames break block 'eastward purple glazed terracotta block' at -679.5, 35.5, 831.5 in world 'world'
[1/14/23, 7:55 PM]: mixygames break block 'obsidian block' at -677.5, 36.5, 831.5 in world 'world'
[1/14/23, 7:55 PM]: mixygames break block 'obsidian block' at -678.5, 36.5, 831.5 in world 'world'
[1/14/23, 7:55 PM]: mixygames break block 'obsidian block' at -677.5, 35.5, 831.5 in world 'world'
[1/14/23, 7:55 PM]: mixygames break block 'obsidian block' at -678.5, 35.5, 831.5 in world 'world'
[1/14/23, 7:55 PM]: mixygames break block 'obsidian block' at -679.5, 35.5, 831.5 in world 'world'
[1/14/23, 7:54 PM]: mixygames break block 'redstone wire' at -680.5, 32.5, 834.5 in world 'world'
[1/14/23, 7:54 PM]: mixygames break block 'redstone wire' at -679.5, 33.5, 834.5 in world 'world'
[1/14/23, 7:54 PM]: mixygames break block 'redstone wire' at -678.5, 34.5, 834.5 in world 'world'
[1/14/23, 7:54 PM]: mixygames break block 'eastward hopper' at -679.5, 34.5, 832.5 in world 'world'
[1/14/23, 7:54 PM]: mixygames break block 'dropper' at -678.5, 34.5, 832.5 in world 'world'
[1/14/23, 7:53 PM]: mixygames break block 'eastward purple glazed terracotta block' at -678.5, 32.5, 831.5 in world 'world'
[1/14/23, 7:53 PM]: mixygames break block 'eastward purple glazed terracotta block' at -677.5, 32.5, 831.5 in world 'world'
[1/14/23, 7:53 PM]: mixygames break block 'westward purple glazed terracotta block' at -677.5, 32.5, 831.5 in world 'world'
[1/14/23, 7:53 PM]: mixygames break block 'southward purple glazed terracotta block' at -677.5, 32.5, 831.5 in world 'world'
[1/14/23, 7:53 PM]: mixygames break block 'stone block' at -678.5, 32.5, 832.5 in world 'world'
[1/14/23, 7:53 PM]: mixygames break block 'stone block' at -678.5, 33.5, 832.5 in world 'world'
[1/14/23, 7:52 PM]: mixygames break block 'eastward purple glazed terracotta block' at -679.5, 32.5, 831.5 in world 'world'
[1/14/23, 7:52 PM]: mixygames break block 'westward purple glazed terracotta block' at -677.5, 31.5, 831.5 in world 'world'
[1/14/23, 7:52 PM]: mixygames break block 'eastward purple glazed terracotta block' at -677.5, 31.5, 831.5 in world 'world'
[1/14/23, 7:52 PM]: mixygames break block 'westward purple glazed terracotta block' at -677.5, 32.5, 831.5 in world 'world'
[1/14/23, 7:52 PM]: mixygames break block 'westward purple glazed terracotta block' at -677.5, 34.5, 831.5 in world 'world'
[1/14/23, 7:52 PM]: mixygames break block 'purple glazed terracotta block' at -677.5, 32.5, 831.5 in world 'world'
[1/14/23, 7:51 PM]: mixygames break block 'westward purple glazed terracotta block' at -677.5, 31.5, 831.5 in world 'world'
[1/14/23, 7:51 PM]: mixygames break block 'purple glazed terracotta block' at -677.5, 31.5, 831.5 in world 'world'
[1/14/23, 7:51 PM]: mixygames break block 'purple glazed terracotta block' at -677.5, 29.5, 831.5 in world 'world'
[1/14/23, 7:51 PM]: mixygames break block 'purple glazed terracotta block' at -677.5, 28.5, 831.5 in world 'world'
[1/14/23, 7:51 PM]: mixygames break block 'westward purple glazed terracotta block' at -677.5, 28.5, 831.5 in world 'world'
[1/14/23, 7:50 PM]: mixygames break block 'southward purple glazed terracotta block' at -677.5, 29.5, 831.5 in world 'world'
[1/14/23, 7:50 PM]: mixygames break block 'southward purple glazed terracotta block' at -677.5, 28.5, 831.5 in world 'world'
[1/14/23, 7:50 PM]: mixygames break block 'eastward purple glazed terracotta block' at -677.5, 28.5, 831.5 in world 'world'
[1/14/23, 7:50 PM]: mixygames break block 'purple glazed terracotta block' at -677.5, 28.5, 831.5 in world 'world'
[1/14/23, 7:50 PM]: mixygames break block 'westward purple glazed terracotta block' at -677.5, 28.5, 831.5 in world 'world'
[1/14/23, 7:50 PM]: mixygames break block 'obsidian block' at -677.5, 28.5, 831.5 in world 'world'
[1/14/23, 7:50 PM]: mixygames break block 'eastward purple glazed terracotta block' at -677.5, 28.5, 831.5 in world 'world'
[1/14/23, 7:50 PM]: mixygames break block 'purple glazed terracotta block' at -677.5, 28.5, 831.5 in world 'world'
[1/14/23, 7:50 PM]: mixygames break block 'purple glazed terracotta block' at -677.5, 28.5, 831.5 in world 'world'
[1/14/23, 7:50 PM]: mixygames break block 'southward purple glazed terracotta block' at -677.5, 28.5, 831.5 in world 'world'
[1/14/23, 7:49 PM]: mixygames break block 'eastward purple glazed terracotta block' at -677.5, 28.5, 831.5 in world 'world'
[1/14/23, 7:49 PM]: mixygames break block 'southward purple glazed terracotta block' at -677.5, 29.5, 831.5 in world 'world'
[1/14/23, 7:49 PM]: mixygames break block 'stone block' at -675.5, 29.5, 832.5 in world 'world'
[1/14/23, 7:49 PM]: mixygames break block 'purple glazed terracotta block' at -677.5, 29.5, 831.5 in world 'world'
[1/14/23, 7:49 PM]: mixygames break block 'cobblestone block' at -678.5, 29.5, 831.5 in world 'world'
[1/14/23, 7:49 PM]: mixygames break block 'southward purple glazed terracotta block' at -679.5, 26.5, 831.5 in world 'world'
[1/14/23, 7:49 PM]: mixygames break block 'stone block' at -679.5, 26.5, 832.5 in world 'world'
[1/14/23, 7:49 PM]: mixygames break block 'stone block' at -679.5, 27.5, 832.5 in world 'world'
[1/14/23, 7:49 PM]: mixygames break block 'crying obsidian' at -679.5, 27.5, 831.5 in world 'world'
[1/14/23, 7:49 PM]: mixygames break block 'purple glazed terracotta block' at -679.5, 26.5, 831.5 in world 'world'
[1/14/23, 7:49 PM]: mixygames break block 'purple glazed terracotta block' at -679.5, 26.5, 831.5 in world 'world'
[1/14/23, 7:48 PM]: mixygames break block 'eastward purple glazed terracotta block' at -679.5, 26.5, 831.5 in world 'world'
[1/14/23, 7:48 PM]: mixygames break block 'eastward purple glazed terracotta block' at -679.5, 26.5, 831.5 in world 'world'
[1/14/23, 7:48 PM]: mixygames break block 'purple glazed terracotta block' at -679.5, 29.5, 831.5 in world 'world'
[1/14/23, 7:48 PM]: mixygames break block 'cobblestone block' at -678.5, 25.5, 830.5 in world 'world'
[1/14/23, 7:48 PM]: mixygames break block 'cobblestone block' at -678.5, 26.5, 830.5 in world 'world'
[1/14/23, 7:48 PM]: mixygames break block 'purple glazed terracotta block' at -677.5, 29.5, 831.5 in world 'world'
[1/14/23, 7:48 PM]: mixygames break block 'purple glazed terracotta block' at -679.5, 26.5, 831.5 in world 'world'
[1/14/23, 7:47 PM]: mixygames break block 'westward purple glazed terracotta block' at -677.5, 29.5, 831.5 in world 'world'
[1/14/23, 7:47 PM]: mixygames break block 'purple glazed terracotta block' at -679.5, 26.5, 831.5 in world 'world'
[1/14/23, 7:47 PM]: mixygames break block 'crying obsidian' at -677.5, 27.5, 831.5 in world 'world'
[1/14/23, 7:47 PM]: mixygames break block 'obsidian block' at -679.5, 34.5, 831.5 in world 'world'
[1/14/23, 7:47 PM]: mixygames break block 'obsidian block' at -679.5, 33.5, 831.5 in world 'world'
[1/14/23, 7:47 PM]: mixygames break block 'obsidian block' at -679.5, 32.5, 831.5 in world 'world'
[1/14/23, 7:47 PM]: mixygames break block 'obsidian block' at -678.5, 33.5, 831.5 in world 'world'
[1/14/23, 7:47 PM]: mixygames break block 'obsidian block' at -678.5, 32.5, 831.5 in world 'world'
[1/14/23, 7:47 PM]: mixygames break block 'obsidian block' at -677.5, 34.5, 831.5 in world 'world'
[1/14/23, 7:47 PM]: mixygames break block 'obsidian block' at -677.5, 33.5, 831.5 in world 'world'
[1/14/23, 7:47 PM]: mixygames break block 'obsidian block' at -677.5, 32.5, 831.5 in world 'world'
[1/14/23, 7:47 PM]: mixygames break block 'obsidian block' at -677.5, 31.5, 831.5 in world 'world'
[1/14/23, 7:47 PM]: mixygames break block 'obsidian block' at -677.5, 30.5, 831.5 in world 'world'
[1/14/23, 7:47 PM]: mixygames break block 'obsidian block' at -677.5, 29.5, 831.5 in world 'world'
[1/14/23, 7:47 PM]: mixygames break block 'obsidian block' at -678.5, 31.5, 831.5 in world 'world'
[1/14/23, 7:47 PM]: mixygames break block 'obsidian block' at -678.5, 30.5, 831.5 in world 'world'
[1/14/23, 7:46 PM]: mixygames break block 'obsidian block' at -678.5, 29.5, 831.5 in world 'world'
[1/14/23, 7:46 PM]: mixygames break block 'obsidian block' at -679.5, 31.5, 831.5 in world 'world'
[1/14/23, 7:46 PM]: mixygames break block 'obsidian block' at -679.5, 30.5, 831.5 in world 'world'
[1/14/23, 7:46 PM]: mixygames break block 'obsidian block' at -679.5, 29.5, 831.5 in world 'world'
[1/14/23, 7:46 PM]: mixygames break block 'crying obsidian' at -679.5, 28.5, 831.5 in world 'world'
[1/14/23, 7:46 PM]: mixygames break block 'crying obsidian' at -677.5, 28.5, 831.5 in world 'world'
[1/14/23, 7:46 PM]: mixygames break block 'crying obsidian' at -677.5, 26.5, 831.5 in world 'world'
[1/14/23, 7:33 PM]: mixygames break block 'obsidian block' at -681.5, 22.5, 827.5 in world 'world'
[1/14/23, 7:33 PM]: mixygames break block 'obsidian block' at -682.5, 23.5, 827.5 in world 'world'
[1/14/23, 7:33 PM]: mixygames break block 'obsidian block' at -682.5, 23.5, 831.5 in world 'world'
[1/14/23, 7:33 PM]: mixygames break block 'cobblestone block' at -680.5, 20.5, 830.5 in world 'world'
[1/14/23, 7:33 PM]: mixygames break block 'obsidian block' at -680.5, 22.5, 827.5 in world 'world'
[1/14/23, 7:33 PM]: mixygames break block 'obsidian block' at -680.5, 21.5, 828.5 in world 'world'
[1/14/23, 7:33 PM]: mixygames break block 'obsidian block' at -680.5, 21.5, 829.5 in world 'world'
[1/14/23, 7:33 PM]: mixygames break block 'obsidian block' at -680.5, 21.5, 830.5 in world 'world'
[1/14/23, 7:33 PM]: mixygames break block 'obsidian block' at -680.5, 22.5, 831.5 in world 'world'
[1/14/23, 7:32 PM]: mixygames break block 'obsidian block' at -680.5, 24.5, 831.5 in world 'world'
[1/14/23, 7:32 PM]: mixygames break block 'obsidian block' at -680.5, 23.5, 831.5 in world 'world'
[1/14/23, 7:32 PM]: mixygames break block 'obsidian block' at -680.5, 25.5, 828.5 in world 'world'
[1/14/23, 7:32 PM]: mixygames break block 'obsidian block' at -680.5, 25.5, 829.5 in world 'world'
[1/14/23, 7:32 PM]: mixygames break block 'obsidian block' at -680.5, 25.5, 830.5 in world 'world'
[1/14/23, 7:32 PM]: mixygames break block 'crying obsidian' at -680.5, 25.5, 828.5 in world 'world'
[1/14/23, 7:32 PM]: mixygames break block 'crying obsidian' at -680.5, 25.5, 829.5 in world 'world'
[1/14/23, 7:32 PM]: mixygames break block 'crying obsidian' at -680.5, 25.5, 830.5 in world 'world'
[1/14/23, 7:32 PM]: mixygames break block 'westward purple glazed terracotta block' at -677.5, 22.5, 831.5 in world 'world'
[1/14/23, 7:31 PM]: mixygames break block 'eastward purple glazed terracotta block' at -679.5, 22.5, 831.5 in world 'world'
[1/14/23, 7:31 PM]: mixygames break block 'purple glazed terracotta block' at -677.5, 22.5, 831.5 in world 'world'
[1/14/23, 7:26 PM]: mixygames break block 'blue concrete' at -700.5, 28.5, 809.5 in world 'world'
[1/14/23, 7:26 PM]: mixygames break block 'upward sticky piston' at -700.5, 26.5, 809.5 in world 'world'
[1/14/23, 7:26 PM]: mixygames break block 'slime block' at -700.5, 27.5, 809.5 in world 'world'
[1/14/23, 7:25 PM]: mixygames break block 'top dark oak wood slab' at -699.5, 25.5, 809.5 in world 'world'
[1/14/23, 7:25 PM]: mixygames break block 'westward birch wood floor button' at -699.5, 26.5, 809.5 in world 'world'
[1/14/23, 7:25 PM]: mixygames break block 'eastward sticky piston' at -700.5, 26.5, 809.5 in world 'world'
[1/14/23, 7:23 PM]: mixygames break block 'crying obsidian' at -713.5, 40.5, 817.5 in world 'world'
[1/14/23, 7:23 PM]: mixygames break block 'crying obsidian' at -713.5, 42.5, 817.5 in world 'world'
[1/14/23, 7:23 PM]: mixygames break block 'crying obsidian' at -714.5, 41.5, 817.5 in world 'world'
[1/14/23, 7:23 PM]: mixygames break block 'crying obsidian' at -712.5, 41.5, 817.5 in world 'world'
[1/14/23, 7:23 PM]: mixygames break block 'light blue glazed terracotta block' at -713.5, 40.5, 816.5 in world 'world'
[1/14/23, 7:22 PM]: mixygames break block 'slime block' at -716.5, 40.5, 819.5 in world 'world'
[1/14/23, 7:22 PM]: mixygames break block 'chiseled nether brick' at -716.5, 41.5, 819.5 in world 'world'
[1/14/23, 7:22 PM]: mixygames break block 'chiseled nether brick' at -716.5, 40.5, 819.5 in world 'world'
[1/14/23, 7:22 PM]: mixygames break block 'chiseled nether brick' at -717.5, 40.5, 819.5 in world 'world'
[1/14/23, 7:22 PM]: mixygames break block 'westward black glazed terracotta block' at -712.5, 42.5, 817.5 in world 'world'
[1/14/23, 7:22 PM]: mixygames break block 'crying obsidian' at -712.5, 40.5, 817.5 in world 'world'
[1/14/23, 7:22 PM]: mixygames break block 'eastward black glazed terracotta block' at -712.5, 40.5, 817.5 in world 'world'
[1/14/23, 7:21 PM]: mixygames break block 'westward purple glazed terracotta block' at -715.5, 42.5, 820.5 in world 'world'
[1/14/23, 7:21 PM]: mixygames break block 'eastward purple glazed terracotta block' at -715.5, 40.5, 820.5 in world 'world'
[1/14/23, 7:21 PM]: mixygames break block 'raw prismarine block' at -717.5, 43.5, 820.5 in world 'world'
[1/14/23, 7:21 PM]: mixygames break block 'raw prismarine block' at -716.5, 43.5, 820.5 in world 'world'
[1/14/23, 7:21 PM]: mixygames break block 'purple glazed terracotta block' at -715.5, 42.5, 820.5 in world 'world'
[1/14/23, 7:21 PM]: mixygames break block 'eastward purple glazed terracotta block' at -715.5, 40.5, 820.5 in world 'world'
[1/14/23, 7:21 PM]: mixygames break block 'purple glazed terracotta block' at -714.5, 40.5, 826.5 in world 'world'
[1/14/23, 7:21 PM]: mixygames break block 'eastward purple glazed terracotta block' at -714.5, 40.5, 826.5 in world 'world'
[1/14/23, 7:21 PM]: mixygames break block 'eastward purple glazed terracotta block' at -711.5, 42.5, 826.5 in world 'world'
[1/14/23, 7:21 PM]: mixygames break block 'eastward purple glazed terracotta block' at -711.5, 42.5, 826.5 in world 'world'
[1/14/23, 7:20 PM]: mixygames break block 'raw prismarine block' at -714.5, 43.5, 826.5 in world 'world'
[1/14/23, 7:20 PM]: mixygames break block 'raw prismarine block' at -713.5, 43.5, 826.5 in world 'world'
[1/14/23, 7:20 PM]: mixygames break block 'eastward blue glazed terracotta block' at -712.5, 42.5, 826.5 in world 'world'
[1/14/23, 7:20 PM]: mixygames break block 'westward blue glazed terracotta block' at -713.5, 42.5, 826.5 in world 'world'
[1/14/23, 7:20 PM]: mixygames break block 'eastward blue glazed terracotta block' at -714.5, 42.5, 826.5 in world 'world'
[1/14/23, 7:20 PM]: mixygames break block 'southward blue glazed terracotta block' at -714.5, 41.5, 826.5 in world 'world'
[1/14/23, 7:20 PM]: mixygames break block 'southward blue glazed terracotta block' at -714.5, 40.5, 826.5 in world 'world'
[1/14/23, 7:20 PM]: mixygames break block 'eastward blue glazed terracotta block' at -713.5, 40.5, 826.5 in world 'world'
[1/14/23, 7:20 PM]: mixygames break block 'blue glazed terracotta block' at -712.5, 40.5, 826.5 in world 'world'
[1/14/23, 7:20 PM]: mixygames break block 'blue glazed terracotta block' at -712.5, 41.5, 826.5 in world 'world'
[1/14/23, 7:20 PM]: mixygames break block 'eastward blue glazed terracotta block' at -712.5, 42.5, 826.5 in world 'world'
[1/14/23, 7:20 PM]: mixygames break block 'light blue glazed terracotta block' at -712.5, 40.5, 829.5 in world 'world'
[1/14/23, 7:20 PM]: mixygames break block 'crying obsidian' at -712.5, 41.5, 829.5 in world 'world'
[1/14/23, 7:20 PM]: mixygames break block 'eastward light blue glazed terracotta block' at -712.5, 42.5, 829.5 in world 'world'
[1/14/23, 7:20 PM]: mixygames break block 'crying obsidian' at -713.5, 42.5, 829.5 in world 'world'
[1/14/23, 7:20 PM]: mixygames break block 'crying obsidian' at -713.5, 40.5, 829.5 in world 'world'
[1/14/23, 7:20 PM]: mixygames break block 'westward light blue glazed terracotta block' at -714.5, 40.5, 829.5 in world 'world'
[1/14/23, 7:20 PM]: mixygames break block 'crying obsidian' at -714.5, 41.5, 829.5 in world 'world'
[1/14/23, 7:20 PM]: mixygames break block 'southward light blue glazed terracotta block' at -714.5, 42.5, 829.5 in world 'world'
[1/14/23, 7:20 PM]: mixygames break block 'southward purple glazed terracotta block' at -718.5, 40.5, 835.5 in world 'world'
[1/14/23, 7:20 PM]: mixygames break block 'westward purple glazed terracotta block' at -718.5, 41.5, 835.5 in world 'world'
[1/14/23, 7:20 PM]: mixygames break block 'eastward purple glazed terracotta block' at -718.5, 40.5, 833.5 in world 'world'
[1/14/23, 7:20 PM]: mixygames break block 'purple glazed terracotta block' at -718.5, 41.5, 833.5 in world 'world'
[1/14/23, 7:18 PM]: mixygames break block 'purple glazed terracotta block' at -718.5, 41.5, 835.5 in world 'world'
[1/14/23, 7:18 PM]: mixygames break block 'blue glazed terracotta block' at -718.5, 41.5, 835.5 in world 'world'
[1/14/23, 7:18 PM]: mixygames break block 'southward purple glazed terracotta block' at -718.5, 41.5, 835.5 in world 'world'
[1/14/23, 7:18 PM]: mixygames break block 'eastward purple glazed terracotta block' at -718.5, 40.5, 835.5 in world 'world'
[1/14/23, 7:17 PM]: mixygames break block 'light blue glazed terracotta block' at -712.5, 42.5, 829.5 in world 'world'
[1/14/23, 7:17 PM]: mixygames break block 'southward light blue glazed terracotta block' at -714.5, 40.5, 829.5 in world 'world'
[1/14/23, 7:17 PM]: Sydras_ break block 'raw prismarine block' at -712.5, 39.5, 830.5 in world 'world'
[1/14/23, 7:16 PM]: Sydras_ break block 'southward purple glazed terracotta block' at -712.5, 42.5, 829.5 in world 'world'
[1/14/23, 7:16 PM]: Sydras_ break block 'raw prismarine block' at -712.5, 39.5, 829.5 in world 'world'
[1/14/23, 7:16 PM]: Sydras_ break block 'eastward purple glazed terracotta block' at -712.5, 40.5, 829.5 in world 'world'
[1/14/23, 7:16 PM]: Sydras_ break block 'purple glazed terracotta block' at -714.5, 40.5, 829.5 in world 'world'
[1/14/23, 7:16 PM]: Sydras_ break block 'westward purple glazed terracotta block' at -714.5, 42.5, 829.5 in world 'world'
[1/14/23, 7:16 PM]: Sydras_ break block 'southward light blue glazed terracotta block' at -714.5, 42.5, 830.5 in world 'world'
[1/14/23, 7:16 PM]: Sydras_ break block 'southward light blue glazed terracotta block' at -714.5, 40.5, 830.5 in world 'world'
[1/14/23, 7:16 PM]: Sydras_ break block 'light blue glazed terracotta block' at -712.5, 40.5, 830.5 in world 'world'
[1/14/23, 7:16 PM]: Sydras_ break block 'southward light blue glazed terracotta block' at -712.5, 42.5, 830.5 in world 'world'
[1/14/23, 7:16 PM]: Sydras_ break block 'southward light blue glazed terracotta block' at -712.5, 40.5, 830.5 in world 'world'
[1/14/23, 7:16 PM]: Sydras_ break block 'light blue glazed terracotta block' at -696.5, 40.5, 841.5 in world 'world'
[1/14/23, 7:16 PM]: Sydras_ break block 'eastward light blue glazed terracotta block' at -697.5, 40.5, 841.5 in world 'world'
[1/14/23, 7:16 PM]: Sydras_ break block 'westward light blue glazed terracotta block' at -696.5, 41.5, 841.5 in world 'world'
[1/14/23, 7:16 PM]: Sydras_ break block 'southward light blue glazed terracotta block' at -697.5, 41.5, 841.5 in world 'world'
[1/14/23, 7:16 PM]: Sydras_ break block 'westward light blue glazed terracotta block' at -698.5, 41.5, 841.5 in world 'world'
[1/14/23, 7:16 PM]: mixygames break block 'westward purple glazed terracotta block' at -718.5, 41.5, 833.5 in world 'world'
[1/14/23, 7:15 PM]: mixygames break block 'southward purple glazed terracotta block' at -718.5, 41.5, 833.5 in world 'world'
[1/14/23, 7:15 PM]: mixygames break block 'eastward purple glazed terracotta block' at -718.5, 41.5, 833.5 in world 'world'
[1/14/23, 7:15 PM]: mixygames break block 'southward blue glazed terracotta block' at -712.5, 41.5, 829.5 in world 'world'
[1/14/23, 7:15 PM]: mixygames break block 'southward blue glazed terracotta block' at -714.5, 41.5, 829.5 in world 'world'
[1/14/23, 7:15 PM]: mixygames break block 'southward purple glazed terracotta block' at -714.5, 42.5, 829.5 in world 'world'
[1/14/23, 7:15 PM]: mixygames break block 'westward purple glazed terracotta block' at -714.5, 40.5, 829.5 in world 'world'
[1/14/23, 7:15 PM]: mixygames break block 'southward purple glazed terracotta block' at -714.5, 40.5, 829.5 in world 'world'
[1/14/23, 7:15 PM]: mixygames break block 'purple glazed terracotta block' at -711.5, 40.5, 841.5 in world 'world'
[1/14/23, 7:15 PM]: mixygames break block 'eastward purple glazed terracotta block' at -712.5, 40.5, 841.5 in world 'world'
[1/14/23, 7:15 PM]: mixygames break block 'westward purple glazed terracotta block' at -711.5, 41.5, 841.5 in world 'world'
[1/14/23, 7:15 PM]: mixygames break block 'purple glazed terracotta block' at -711.5, 42.5, 841.5 in world 'world'
[1/14/23, 7:15 PM]: mixygames break block 'eastward purple glazed terracotta block' at -712.5, 42.5, 841.5 in world 'world'
[1/14/23, 7:15 PM]: mixygames break block 'purple glazed terracotta block' at -713.5, 42.5, 841.5 in world 'world'
[1/14/23, 7:14 PM]: mixygames break block 'southward purple glazed terracotta block' at -712.5, 41.5, 841.5 in world 'world'
[1/14/23, 7:14 PM]: mixygames break block 'westward purple glazed terracotta block' at -713.5, 41.5, 841.5 in world 'world'
[1/14/23, 7:11 PM]: mixygames break block 'crying obsidian' at -679.5, 23.5, 831.5 in world 'world'
[1/14/23, 7:11 PM]: mixygames break block 'crying obsidian' at -678.5, 25.5, 831.5 in world 'world'
[1/14/23, 7:11 PM]: mixygames break block 'crying obsidian' at -678.5, 24.5, 831.5 in world 'world'
[1/14/23, 7:11 PM]: mixygames break block 'crying obsidian' at -677.5, 23.5, 831.5 in world 'world'
[1/14/23, 7:11 PM]: mixygames break block 'prismarine brick' at -675.5, 22.5, 827.5 in world 'world'
[1/14/23, 7:11 PM]: mixygames break block 'prismarine brick' at -675.5, 23.5, 827.5 in world 'world'
[1/14/23, 7:11 PM]: mixygames break block 'obsidian block' at -678.5, 23.5, 826.5 in world 'world'
[1/14/23, 7:11 PM]: mixygames break block 'southward warped button' at -678.5, 23.5, 827.5 in world 'world'
[1/14/23, 7:10 PM]: mixygames break block 'obsidian block' at -678.5, 23.5, 832.5 in world 'world'
[1/14/23, 7:10 PM]: mixygames break block 'crimson button' at -678.5, 23.5, 831.5 in world 'world'
[1/14/23, 7:10 PM]: mixygames break block 'crying obsidian' at -678.5, 22.5, 831.5 in world 'world'
[1/14/23, 7:05 PM]: mixygames break block 'undyed hardened clay block' at -678.5, 22.5, 828.5 in world 'world'
[1/14/23, 7:05 PM]: mixygames break block 'undyed hardened clay block' at -678.5, 23.5, 828.5 in world 'world'
[1/14/23, 7:05 PM]: mixygames break block 'undyed hardened clay block' at -678.5, 24.5, 828.5 in world 'world'
[1/14/23, 7:05 PM]: mixygames break block 'undyed hardened clay block' at -678.5, 25.5, 828.5 in world 'world'
[1/14/23, 7:05 PM]: mixygames break block 'undyed hardened clay block' at -678.5, 26.5, 828.5 in world 'world'
[1/14/23, 7:05 PM]: mixygames break block 'undyed hardened clay block' at -678.5, 27.5, 828.5 in world 'world'
[1/14/23, 7:05 PM]: mixygames break block 'undyed hardened clay block' at -678.5, 28.5, 828.5 in world 'world'
[1/14/23, 7:05 PM]: mixygames break block 'undyed hardened clay block' at -678.5, 29.5, 828.5 in world 'world'
[1/14/23, 7:05 PM]: mixygames break block 'undyed hardened clay block' at -678.5, 30.5, 828.5 in world 'world'
[1/14/23, 7:05 PM]: mixygames break block 'undyed hardened clay block' at -678.5, 31.5, 828.5 in world 'world'
[1/14/23, 7:05 PM]: mixygames break block 'undyed hardened clay block' at -678.5, 32.5, 828.5 in world 'world'
[1/14/23, 7:05 PM]: mixygames break block 'undyed hardened clay block' at -678.5, 33.5, 828.5 in world 'world'
[1/14/23, 7:05 PM]: mixygames break block 'raw andesite' at -677.5, 33.5, 828.5 in world 'world'
[1/14/23, 7:04 PM]: mixygames break block 'obsidian block' at -678.5, 36.5, 827.5 in world 'world'
[1/14/23, 7:04 PM]: mixygames break block 'westward blue glazed terracotta block' at -678.5, 37.5, 827.5 in world 'world'
[1/14/23, 7:04 PM]: mixygames break block 'southward blue glazed terracotta block' at -678.5, 37.5, 827.5 in world 'world'
[1/14/23, 7:04 PM]: mixygames break block 'obsidian block' at -678.5, 37.5, 827.5 in world 'world'
[1/14/23, 7:03 PM]: mixygames break block 'eastward blue glazed terracotta block' at -677.5, 36.5, 827.5 in world 'world'
[1/14/23, 7:03 PM]: mixygames break block 'westward blue glazed terracotta block' at -677.5, 36.5, 827.5 in world 'world'
[1/14/23, 7:03 PM]: mixygames break block 'southward blue glazed terracotta block' at -678.5, 35.5, 827.5 in world 'world'
[1/14/23, 7:03 PM]: mixygames break block 'obsidian block' at -678.5, 36.5, 827.5 in world 'world'
[1/14/23, 7:03 PM]: mixygames break block 'obsidian block' at -677.5, 36.5, 827.5 in world 'world'
[1/14/23, 7:03 PM]: mixygames break block 'obsidian block' at -679.5, 36.5, 827.5 in world 'world'
[1/14/23, 7:02 PM]: mixygames break block 'undyed hardened clay block' at -678.5, 33.5, 828.5 in world 'world'
[1/14/23, 7:02 PM]: mixygames break block 'undyed hardened clay block' at -678.5, 32.5, 828.5 in world 'world'
[1/14/23, 7:02 PM]: mixygames break block 'undyed hardened clay block' at -678.5, 31.5, 828.5 in world 'world'
[1/14/23, 7:02 PM]: mixygames break block 'undyed hardened clay block' at -678.5, 30.5, 828.5 in world 'world'
[1/14/23, 7:02 PM]: mixygames break block 'undyed hardened clay block' at -678.5, 29.5, 828.5 in world 'world'
[1/14/23, 7:02 PM]: mixygames break block 'undyed hardened clay block' at -678.5, 28.5, 828.5 in world 'world'
[1/14/23, 7:02 PM]: mixygames break block 'undyed hardened clay block' at -678.5, 27.5, 828.5 in world 'world'
[1/14/23, 7:02 PM]: mixygames break block 'undyed hardened clay block' at -678.5, 26.5, 828.5 in world 'world'
[1/14/23, 7:02 PM]: mixygames break block 'undyed hardened clay block' at -678.5, 25.5, 828.5 in world 'world'
[1/14/23, 7:02 PM]: mixygames break block 'undyed hardened clay block' at -678.5, 24.5, 828.5 in world 'world'
[1/14/23, 6:53 PM]: gabi_86 break block 'air' at -92.5, 69.5, -303.5 in world 'resource_world'
[1/14/23, 6:53 PM]: gabi_86 break block 'air' at -92.5, 68.5, -303.5 in world 'resource_world'
[1/14/23, 6:53 PM]: gabi_86 break block 'air' at -92.5, 69.5, -303.5 in world 'resource_world'
[1/14/23, 6:53 PM]: gabi_86 break block 'air' at -92.5, 69.5, -303.5 in world 'resource_world'
[1/14/23, 6:53 PM]: gabi_86 break block 'sand block' at -92.5, 68.5, -303.5 in world 'resource_world'
[1/14/23, 6:53 PM]: gabi_86 break block 'sand block' at -92.5, 68.5, -304.5 in world 'resource_world'
[1/14/23, 6:53 PM]: gabi_86 break block 'sand block' at -93.5, 68.5, -304.5 in world 'resource_world'
[1/14/23, 6:52 PM]: gabi_86 break block 'sand block' at -94.5, 69.5, -304.5 in world 'resource_world'
[1/14/23, 6:52 PM]: gabi_86 break block 'sand block' at -94.5, 68.5, -304.5 in world 'resource_world'
[1/14/23, 6:52 PM]: gabi_86 break block 'sand block' at -95.5, 69.5, -304.5 in world 'resource_world'
[1/14/23, 6:52 PM]: gabi_86 break block 'sand block' at -95.5, 69.5, -304.5 in world 'resource_world'
[1/14/23, 6:52 PM]: gabi_86 break block 'sand block' at -95.5, 68.5, -304.5 in world 'resource_world'
[1/14/23, 6:52 PM]: gabi_86 break block 'sand block' at -96.5, 68.5, -304.5 in world 'resource_world'
[1/14/23, 6:52 PM]: gabi_86 break block 'sand block' at -96.5, 69.5, -305.5 in world 'resource_world'
[1/14/23, 6:52 PM]: gabi_86 break block 'sand block' at -96.5, 69.5, -305.5 in world 'resource_world'
[1/14/23, 6:52 PM]: gabi_86 break block 'sand block' at -96.5, 68.5, -305.5 in world 'resource_world'
[1/14/23, 6:52 PM]: gabi_86 break block 'sand block' at -97.5, 68.5, -306.5 in world 'resource_world'
[1/14/23, 6:52 PM]: gabi_86 break block 'sand block' at -97.5, 69.5, -306.5 in world 'resource_world'
[1/14/23, 6:52 PM]: gabi_86 break block 'sand block' at -97.5, 69.5, -306.5 in world 'resource_world'
[1/14/23, 6:52 PM]: gabi_86 break block 'sand block' at -97.5, 69.5, -306.5 in world 'resource_world'
[1/14/23, 6:52 PM]: gabi_86 break block 'sand block' at -97.5, 69.5, -307.5 in world 'resource_world'
[1/14/23, 6:52 PM]: gabi_86 break block 'sand block' at -98.5, 69.5, -307.5 in world 'resource_world'
[1/14/23, 6:52 PM]: gabi_86 break block 'sand block' at -99.5, 69.5, -308.5 in world 'resource_world'
[1/14/23, 6:52 PM]: gabi_86 break block 'sand block' at -100.5, 70.5, -308.5 in world 'resource_world'
[1/14/23, 6:52 PM]: gabi_86 break block 'sand block' at -100.5, 68.5, -309.5 in world 'resource_world'
[1/14/23, 6:52 PM]: gabi_86 break block 'sand block' at -100.5, 68.5, -309.5 in world 'resource_world'
[1/14/23, 6:52 PM]: gabi_86 break block 'sand block' at -100.5, 69.5, -309.5 in world 'resource_world'
[1/14/23, 6:52 PM]: gabi_86 break block 'sand block' at -100.5, 69.5, -309.5 in world 'resource_world'
[1/14/23, 6:52 PM]: gabi_86 break block 'sand block' at -100.5, 70.5, -310.5 in world 'resource_world'
[1/14/23, 6:52 PM]: gabi_86 break block 'sand block' at -100.5, 69.5, -310.5 in world 'resource_world'
[1/14/23, 6:52 PM]: gabi_86 break block 'sand block' at -100.5, 68.5, -311.5 in world 'resource_world'
[1/14/23, 6:52 PM]: gabi_86 break block 'sand block' at -100.5, 69.5, -311.5 in world 'resource_world'
[1/14/23, 6:52 PM]: gabi_86 break block 'sand block' at -100.5, 70.5, -312.5 in world 'resource_world'
[1/14/23, 6:52 PM]: gabi_86 break block 'sand block' at -100.5, 69.5, -312.5 in world 'resource_world'
[1/14/23, 6:52 PM]: gabi_86 break block 'sand block' at -100.5, 70.5, -312.5 in world 'resource_world'
[1/14/23, 6:52 PM]: gabi_86 break block 'sand block' at -100.5, 70.5, -312.5 in world 'resource_world'
[1/14/23, 6:52 PM]: gabi_86 break block 'sand block' at -100.5, 70.5, -312.5 in world 'resource_world'
[1/14/23, 6:52 PM]: gabi_86 break block 'sand block' at -100.5, 69.5, -313.5 in world 'resource_world'
[1/14/23, 6:52 PM]: gabi_86 break block 'sand block' at -100.5, 69.5, -314.5 in world 'resource_world'
[1/14/23, 6:52 PM]: gabi_86 break block 'sand block' at -100.5, 71.5, -316.5 in world 'resource_world'
[1/14/23, 6:52 PM]: gabi_86 break block 'sand block' at -100.5, 71.5, -316.5 in world 'resource_world'
[1/14/23, 6:52 PM]: gabi_86 break block 'sand block' at -100.5, 68.5, -317.5 in world 'resource_world'
[1/14/23, 6:52 PM]: gabi_86 break block 'sand block' at -100.5, 68.5, -317.5 in world 'resource_world'
[1/14/23, 6:52 PM]: gabi_86 break block 'sand block' at -100.5, 68.5, -317.5 in world 'resource_world'
[1/14/23, 6:52 PM]: gabi_86 break block 'sand block' at -100.5, 69.5, -317.5 in world 'resource_world'
[1/14/23, 6:52 PM]: gabi_86 break block 'sand block' at -100.5, 69.5, -316.5 in world 'resource_world'
[1/14/23, 6:52 PM]: gabi_86 break block 'sand block' at -99.5, 70.5, -315.5 in world 'resource_world'
[1/14/23, 6:52 PM]: gabi_86 break block 'sand block' at -98.5, 69.5, -316.5 in world 'resource_world'
[1/14/23, 6:52 PM]: gabi_86 break block 'sand block' at -97.5, 69.5, -317.5 in world 'resource_world'
[1/14/23, 6:52 PM]: gabi_86 break block 'sand block' at -97.5, 69.5, -320.5 in world 'resource_world'
[1/14/23, 6:52 PM]: gabi_86 break block 'sand block' at -99.5, 71.5, -321.5 in world 'resource_world'
[1/14/23, 6:52 PM]: gabi_86 break block 'sand block' at -99.5, 71.5, -321.5 in world 'resource_world'
[1/14/23, 6:52 PM]: gabi_86 break block 'sand block' at -99.5, 70.5, -321.5 in world 'resource_world'
[1/14/23, 6:52 PM]: gabi_86 break block 'sand block' at -101.5, 68.5, -322.5 in world 'resource_world'
[1/14/23, 6:52 PM]: gabi_86 break block 'sand block' at -101.5, 68.5, -322.5 in world 'resource_world'
[1/14/23, 6:52 PM]: gabi_86 break block 'sand block' at -101.5, 68.5, -322.5 in world 'resource_world'
[1/14/23, 6:52 PM]: gabi_86 break block 'sand block' at -101.5, 68.5, -321.5 in world 'resource_world'
[1/14/23, 6:52 PM]: gabi_86 break block 'sand block' at -101.5, 69.5, -321.5 in world 'resource_world'
[1/14/23, 6:52 PM]: gabi_86 break block 'sand block' at -101.5, 70.5, -321.5 in world 'resource_world'
[1/14/23, 6:52 PM]: gabi_86 break block 'sand block' at -101.5, 70.5, -320.5 in world 'resource_world'
[1/14/23, 6:51 PM]: gabi_86 break block 'sand block' at -89.5, 68.5, -305.5 in world 'resource_world'
[1/14/23, 6:51 PM]: gabi_86 break block 'sand block' at -89.5, 68.5, -306.5 in world 'resource_world'
[1/14/23, 6:51 PM]: gabi_86 break block 'sand block' at -87.5, 68.5, -304.5 in world 'resource_world'
[1/14/23, 6:51 PM]: gabi_86 break block 'sand block' at -86.5, 68.5, -304.5 in world 'resource_world'
[1/14/23, 6:51 PM]: gabi_86 break block 'sand block' at -86.5, 68.5, -303.5 in world 'resource_world'
[1/14/23, 6:51 PM]: gabi_86 break block 'sand block' at -85.5, 69.5, -301.5 in world 'resource_world'
[1/14/23, 6:51 PM]: gabi_86 break block 'sand block' at -86.5, 68.5, -301.5 in world 'resource_world'
[1/14/23, 6:51 PM]: gabi_86 break block 'sand block' at -85.5, 68.5, -299.5 in world 'resource_world'
[1/14/23, 6:51 PM]: gabi_86 break block 'sand block' at -85.5, 67.5, -299.5 in world 'resource_world'
[1/14/23, 6:51 PM]: gabi_86 break block 'sand block' at -85.5, 67.5, -298.5 in world 'resource_world'
[1/14/23, 6:51 PM]: gabi_86 break block 'sand block' at -85.5, 68.5, -298.5 in world 'resource_world'
[1/14/23, 6:51 PM]: gabi_86 break block 'sand block' at -85.5, 68.5, -297.5 in world 'resource_world'
[1/14/23, 6:51 PM]: gabi_86 break block 'normal sandstone block' at -85.5, 66.5, -296.5 in world 'resource_world'
[1/14/23, 6:51 PM]: gabi_86 break block 'sand block' at -85.5, 67.5, -296.5 in world 'resource_world'
[1/14/23, 6:51 PM]: gabi_86 break block 'sand block' at -85.5, 68.5, -296.5 in world 'resource_world'
[1/14/23, 6:51 PM]: gabi_86 break block 'sand block' at -85.5, 68.5, -296.5 in world 'resource_world'
[1/14/23, 6:51 PM]: gabi_86 break block 'sand block' at -85.5, 68.5, -295.5 in world 'resource_world'
[1/14/23, 6:51 PM]: gabi_86 break block 'sand block' at -86.5, 68.5, -295.5 in world 'resource_world'
[1/14/23, 6:51 PM]: gabi_86 break block 'sand block' at -86.5, 68.5, -295.5 in world 'resource_world'
[1/14/23, 6:51 PM]: gabi_86 break block 'sand block' at -85.5, 68.5, -294.5 in world 'resource_world'
[1/14/23, 6:51 PM]: gabi_86 break block 'sand block' at -85.5, 68.5, -295.5 in world 'resource_world'
[1/14/23, 6:51 PM]: gabi_86 break block 'sand block' at -86.5, 68.5, -295.5 in world 'resource_world'
[1/14/23, 6:51 PM]: gabi_86 break block 'sand block' at -87.5, 68.5, -294.5 in world 'resource_world'
[1/14/23, 6:51 PM]: gabi_86 break block 'sand block' at -88.5, 68.5, -293.5 in world 'resource_world'
[1/14/23, 6:51 PM]: gabi_86 break block 'sand block' at -87.5, 68.5, -292.5 in world 'resource_world'
[1/14/23, 6:51 PM]: gabi_86 break block 'sand block' at -87.5, 68.5, -292.5 in world 'resource_world'
[1/14/23, 6:51 PM]: gabi_86 break block 'sand block' at -84.5, 69.5, -292.5 in world 'resource_world'
[1/14/23, 6:51 PM]: gabi_86 break block 'sand block' at -85.5, 68.5, -294.5 in world 'resource_world'
[1/14/23, 6:51 PM]: gabi_86 break block 'sand block' at -86.5, 68.5, -294.5 in world 'resource_world'
[1/14/23, 6:51 PM]: gabi_86 break block 'sand block' at -87.5, 68.5, -293.5 in world 'resource_world'
[1/14/23, 6:51 PM]: gabi_86 break block 'sand block' at -88.5, 68.5, -292.5 in world 'resource_world'
[1/14/23, 6:51 PM]: gabi_86 break block 'sand block' at -88.5, 68.5, -292.5 in world 'resource_world'
[1/14/23, 6:51 PM]: gabi_86 break block 'sand block' at -87.5, 68.5, -292.5 in world 'resource_world'
[1/14/23, 6:51 PM]: gabi_86 break block 'sand block' at -87.5, 68.5, -292.5 in world 'resource_world'
[1/14/23, 6:51 PM]: gabi_86 break block 'sand block' at -87.5, 68.5, -292.5 in world 'resource_world'
[1/14/23, 6:51 PM]: gabi_86 break block 'sand block' at -87.5, 68.5, -291.5 in world 'resource_world'
[1/14/23, 6:51 PM]: gabi_86 break block 'sand block' at -87.5, 68.5, -291.5 in world 'resource_world'
[1/14/23, 6:51 PM]: gabi_86 break block 'sand block' at -87.5, 68.5, -291.5 in world 'resource_world'
[1/14/23, 6:51 PM]: gabi_86 break block 'sand block' at -88.5, 68.5, -290.5 in world 'resource_world'
[1/14/23, 6:51 PM]: gabi_86 break block 'sand block' at -90.5, 68.5, -290.5 in world 'resource_world'
[1/14/23, 6:51 PM]: gabi_86 break block 'sand block' at -85.5, 69.5, -291.5 in world 'resource_world'
[1/14/23, 6:51 PM]: gabi_86 break block 'sand block' at -87.5, 69.5, -287.5 in world 'resource_world'
[1/14/23, 6:51 PM]: gabi_86 break block 'sand block' at -87.5, 69.5, -286.5 in world 'resource_world'
[1/14/23, 6:51 PM]: gabi_86 break block 'sand block' at -87.5, 69.5, -286.5 in world 'resource_world'
[1/14/23, 6:51 PM]: gabi_86 break block 'sand block' at -87.5, 69.5, -286.5 in world 'resource_world'
[1/14/23, 6:51 PM]: gabi_86 break block 'sand block' at -86.5, 69.5, -285.5 in world 'resource_world'
[1/14/23, 6:51 PM]: gabi_86 break block 'sand block' at -87.5, 69.5, -285.5 in world 'resource_world'
[1/14/23, 6:51 PM]: gabi_86 break block 'sand block' at -87.5, 69.5, -285.5 in world 'resource_world'
[1/14/23, 6:51 PM]: gabi_86 break block 'sand block' at -88.5, 68.5, -285.5 in world 'resource_world'
[1/14/23, 6:51 PM]: gabi_86 break block 'sand block' at -88.5, 68.5, -285.5 in world 'resource_world'
[1/14/23, 6:51 PM]: gabi_86 break block 'dead grass' at -89.5, 68.5, -285.5 in world 'resource_world'
[1/14/23, 6:51 PM]: gabi_86 break block 'sand block' at -87.5, 69.5, -286.5 in world 'resource_world'
[1/14/23, 6:51 PM]: gabi_86 break block 'sand block' at -87.5, 69.5, -286.5 in world 'resource_world'
[1/14/23, 6:51 PM]: gabi_86 break block 'sand block' at -87.5, 69.5, -286.5 in world 'resource_world'
[1/14/23, 6:51 PM]: gabi_86 break block 'sand block' at -87.5, 69.5, -286.5 in world 'resource_world'
[1/14/23, 6:51 PM]: gabi_86 break block 'sand block' at -87.5, 69.5, -285.5 in world 'resource_world'
[1/14/23, 6:51 PM]: gabi_86 break block 'sand block' at -87.5, 69.5, -284.5 in world 'resource_world'
[1/14/23, 6:51 PM]: gabi_86 break block 'sand block' at -88.5, 69.5, -282.5 in world 'resource_world'
[1/14/23, 6:51 PM]: gabi_86 break block 'sand block' at -88.5, 69.5, -282.5 in world 'resource_world'
[1/14/23, 6:51 PM]: gabi_86 break block 'sand block' at -88.5, 69.5, -282.5 in world 'resource_world'
[1/14/23, 6:51 PM]: gabi_86 break block 'sand block' at -88.5, 69.5, -282.5 in world 'resource_world'
[1/14/23, 6:51 PM]: gabi_86 break block 'sand block' at -88.5, 69.5, -282.5 in world 'resource_world'
[1/14/23, 6:51 PM]: gabi_86 break block 'sand block' at -88.5, 69.5, -282.5 in world 'resource_world'
[1/14/23, 6:51 PM]: gabi_86 break block 'sand block' at -89.5, 68.5, -282.5 in world 'resource_world'
[1/14/23, 6:51 PM]: gabi_86 break block 'sand block' at -89.5, 68.5, -282.5 in world 'resource_world'
[1/14/23, 6:51 PM]: gabi_86 break block 'sand block' at -89.5, 68.5, -282.5 in world 'resource_world'
[1/14/23, 6:51 PM]: gabi_86 break block 'sand block' at -90.5, 68.5, -281.5 in world 'resource_world'
[1/14/23, 6:51 PM]: gabi_86 break block 'sand block' at -90.5, 68.5, -281.5 in world 'resource_world'
[1/14/23, 6:51 PM]: gabi_86 break block 'sand block' at -91.5, 68.5, -280.5 in world 'resource_world'
[1/14/23, 6:51 PM]: gabi_86 break block 'sand block' at -92.5, 69.5, -281.5 in world 'resource_world'
[1/14/23, 6:51 PM]: gabi_86 break block 'sand block' at -92.5, 69.5, -281.5 in world 'resource_world'
[1/14/23, 6:51 PM]: gabi_86 break block 'sand block' at -92.5, 68.5, -281.5 in world 'resource_world'
[1/14/23, 6:51 PM]: gabi_86 break block 'sand block' at -92.5, 68.5, -281.5 in world 'resource_world'
[1/14/23, 6:51 PM]: gabi_86 break block 'sand block' at -92.5, 68.5, -281.5 in world 'resource_world'
[1/14/23, 6:51 PM]: gabi_86 break block 'sand block' at -92.5, 66.5, -283.5 in world 'resource_world'
[1/14/23, 6:51 PM]: gabi_86 break block 'sand block' at -93.5, 66.5, -286.5 in world 'resource_world'
[1/14/23, 6:51 PM]: gabi_86 break block 'sand block' at -93.5, 65.5, -288.5 in world 'resource_world'
[1/14/23, 6:51 PM]: gabi_86 break block 'sand block' at -95.5, 63.5, -288.5 in world 'resource_world'
[1/14/23, 6:51 PM]: gabi_86 break block 'sand block' at -95.5, 64.5, -288.5 in world 'resource_world'
[1/14/23, 6:51 PM]: gabi_86 break block 'sand block' at -102.5, 65.5, -297.5 in world 'resource_world'
[1/14/23, 6:51 PM]: gabi_86 break block 'sand block' at -101.5, 65.5, -297.5 in world 'resource_world'
[1/14/23, 6:51 PM]: gabi_86 break block 'sand block' at -100.5, 65.5, -296.5 in world 'resource_world'
[1/14/23, 6:51 PM]: gabi_86 break block 'sand block' at -99.5, 65.5, -296.5 in world 'resource_world'
[1/14/23, 6:51 PM]: gabi_86 break block 'sand block' at -95.5, 66.5, -297.5 in world 'resource_world'
