[1/14/23, 7:59 PM]: mixygames place block 'raw prismarine block' at -678.5, 21.5, 828.5 in world 'world'
[1/14/23, 7:59 PM]: mixygames place block 'raw prismarine block' at -679.5, 21.5, 828.5 in world 'world'
[1/14/23, 7:59 PM]: mixygames place block 'raw prismarine block' at -679.5, 21.5, 829.5 in world 'world'
[1/14/23, 7:59 PM]: mixygames place block 'raw prismarine block' at -679.5, 21.5, 830.5 in world 'world'
[1/14/23, 7:59 PM]: mixygames place block 'raw prismarine block' at -678.5, 21.5, 830.5 in world 'world'
[1/14/23, 7:59 PM]: mixygames place block 'raw prismarine block' at -677.5, 21.5, 828.5 in world 'world'
[1/14/23, 7:59 PM]: mixygames place block 'raw prismarine block' at -677.5, 21.5, 829.5 in world 'world'
[1/14/23, 7:59 PM]: mixygames place block 'raw prismarine block' at -677.5, 21.5, 830.5 in world 'world'
[1/14/23, 7:59 PM]: mixygames place block 'honey block' at -678.5, 20.5, 828.5 in world 'world'
[1/14/23, 7:59 PM]: mixygames place block 'honey block' at -677.5, 20.5, 828.5 in world 'world'
[1/14/23, 7:59 PM]: mixygames place block 'honey block' at -679.5, 20.5, 828.5 in world 'world'
[1/14/23, 7:59 PM]: mixygames place block 'honey block' at -679.5, 20.5, 829.5 in world 'world'
[1/14/23, 7:59 PM]: mixygames place block 'honey block' at -677.5, 20.5, 829.5 in world 'world'
[1/14/23, 7:59 PM]: mixygames place block 'slime block' at -678.5, 20.5, 829.5 in world 'world'
[1/14/23, 7:59 PM]: mixygames place block 'slime block' at -677.5, 20.5, 830.5 in world 'world'
[1/14/23, 7:59 PM]: mixygames place block 'slime block' at -679.5, 20.5, 830.5 in world 'world'
[1/14/23, 7:59 PM]: mixygames place block 'slime block' at -678.5, 20.5, 830.5 in world 'world'
[1/14/23, 7:59 PM]: mixygames place block 'downward sticky piston' at -678.5, 19.5, 829.5 in world 'world'
[1/14/23, 7:59 PM]: mixygames place block 'upward sticky piston' at -678.5, 19.5, 828.5 in world 'world'
[1/14/23, 7:59 PM]: mixygames place block 'upward sticky piston' at -678.5, 19.5, 830.5 in world 'world'
[1/14/23, 7:59 PM]: mixygames place block 'slime block' at -678.5, 18.5, 828.5 in world 'world'
[1/14/23, 7:59 PM]: mixygames place block 'slime block' at -678.5, 18.5, 830.5 in world 'world'
[1/14/23, 7:59 PM]: mixygames place block 'slime block' at -678.5, 18.5, 829.5 in world 'world'
[1/14/23, 7:59 PM]: mixygames place block 'westward redstone observer' at -679.5, 19.5, 829.5 in world 'world'
[1/14/23, 7:59 PM]: mixygames place block 'slime block' at -680.5, 19.5, 829.5 in world 'world'
[1/14/23, 7:58 PM]: mixygames place block 'westward redstone observer' at -679.5, 18.5, 828.5 in world 'world'
[1/14/23, 7:58 PM]: mixygames place block 'westward redstone observer' at -679.5, 18.5, 830.5 in world 'world'
[1/14/23, 7:58 PM]: mixygames place block 'slime block' at -680.5, 18.5, 828.5 in world 'world'
[1/14/23, 7:58 PM]: mixygames place block 'slime block' at -680.5, 18.5, 830.5 in world 'world'
[1/14/23, 7:58 PM]: mixygames place block 'cobblestone block' at -678.5, 31.5, 828.5 in world 'world'
[1/14/23, 7:58 PM]: mixygames place block 'cobblestone block' at -679.5, 32.5, 828.5 in world 'world'
[1/14/23, 7:58 PM]: mixygames place block 'crying obsidian' at -678.5, 35.5, 831.5 in world 'world'
[1/14/23, 7:58 PM]: mixygames place block 'redstone wire' at -678.5, 33.5, 834.5 in world 'world'
[1/14/23, 7:58 PM]: mixygames place block 'redstone wire' at -678.5, 33.5, 833.5 in world 'world'
[1/14/23, 7:57 PM]: mixygames place block 'redstone wire' at -678.5, 34.5, 833.5 in world 'world'
[1/14/23, 7:57 PM]: mixygames place block 'redstone wire' at -678.5, 34.5, 834.5 in world 'world'
[1/14/23, 7:57 PM]: mixygames place block 'redstone wire' at -679.5, 33.5, 834.5 in world 'world'
[1/14/23, 7:57 PM]: mixygames place block 'redstone wire' at -680.5, 32.5, 834.5 in world 'world'
[1/14/23, 7:57 PM]: mixygames place block 'cobblestone block' at -679.5, 34.5, 830.5 in world 'world'
[1/14/23, 7:56 PM]: mixygames place block 'crying obsidian' at -678.5, 35.5, 831.5 in world 'world'
[1/14/23, 7:56 PM]: mixygames place block 'crying obsidian' at -677.5, 36.5, 831.5 in world 'world'
[1/14/23, 7:56 PM]: mixygames place block 'crying obsidian' at -679.5, 36.5, 831.5 in world 'world'
[1/14/23, 7:56 PM]: mixygames place block 'crying obsidian' at -678.5, 37.5, 831.5 in world 'world'
[1/14/23, 7:55 PM]: mixygames place block 'cobblestone block' at -677.5, 34.5, 829.5 in world 'world'
[1/14/23, 7:55 PM]: mixygames place block 'southward purple glazed terracotta block' at -677.5, 35.5, 831.5 in world 'world'
[1/14/23, 7:55 PM]: mixygames place block 'westward purple glazed terracotta block' at -677.5, 35.5, 831.5 in world 'world'
[1/14/23, 7:55 PM]: mixygames place block 'eastward purple glazed terracotta block' at -677.5, 35.5, 831.5 in world 'world'
[1/14/23, 7:55 PM]: mixygames place block 'westward purple glazed terracotta block' at -679.5, 35.5, 831.5 in world 'world'
[1/14/23, 7:55 PM]: mixygames place block 'eastward purple glazed terracotta block' at -679.5, 35.5, 831.5 in world 'world'
[1/14/23, 7:55 PM]: mixygames place block 'purple glazed terracotta block' at -679.5, 35.5, 831.5 in world 'world'
[1/14/23, 7:55 PM]: mixygames place block 'eastward purple glazed terracotta block' at -679.5, 35.5, 831.5 in world 'world'
[1/14/23, 7:55 PM]: mixygames place block 'cobblestone block' at -679.5, 33.5, 830.5 in world 'world'
[1/14/23, 7:55 PM]: mixygames place block 'cobblestone block' at -678.5, 31.5, 830.5 in world 'world'
[1/14/23, 7:54 PM]: mixygames place block 'crying obsidian' at -677.5, 33.5, 831.5 in world 'world'
[1/14/23, 7:54 PM]: mixygames place block 'crying obsidian' at -678.5, 34.5, 831.5 in world 'world'
[1/14/23, 7:54 PM]: mixygames place block 'crying obsidian' at -679.5, 33.5, 831.5 in world 'world'
[1/14/23, 7:54 PM]: mixygames place block 'crying obsidian' at -678.5, 32.5, 831.5 in world 'world'
[1/14/23, 7:54 PM]: mixygames place block 'redstone wire' at -678.5, 34.5, 832.5 in world 'world'
[1/14/23, 7:54 PM]: mixygames place block 'redstone wire' at -679.5, 33.5, 833.5 in world 'world'
[1/14/23, 7:54 PM]: mixygames place block 'cobblestone block' at -679.5, 32.5, 833.5 in world 'world'
[1/14/23, 7:54 PM]: mixygames place block 'hopper' at -679.5, 34.5, 832.5 in world 'world'
[1/14/23, 7:54 PM]: mixygames place block 'eastward hopper' at -679.5, 33.5, 832.5 in world 'world'
[1/14/23, 7:54 PM]: mixygames place block 'dropper' at -678.5, 33.5, 832.5 in world 'world'
[1/14/23, 7:53 PM]: mixygames place block 'southward purple glazed terracotta block' at -677.5, 32.5, 831.5 in world 'world'
[1/14/23, 7:53 PM]: mixygames place block 'eastward purple glazed terracotta block' at -677.5, 32.5, 831.5 in world 'world'
[1/14/23, 7:53 PM]: mixygames place block 'eastward purple glazed terracotta block' at -678.5, 32.5, 831.5 in world 'world'
[1/14/23, 7:53 PM]: mixygames place block 'westward purple glazed terracotta block' at -677.5, 32.5, 831.5 in world 'world'
[1/14/23, 7:52 PM]: mixygames place block 'westward purple glazed terracotta block' at -679.5, 32.5, 831.5 in world 'world'
[1/14/23, 7:52 PM]: mixygames place block 'eastward purple glazed terracotta block' at -679.5, 32.5, 831.5 in world 'world'
[1/14/23, 7:52 PM]: mixygames place block 'southward purple glazed terracotta block' at -677.5, 32.5, 831.5 in world 'world'
[1/14/23, 7:52 PM]: mixygames place block 'eastward purple glazed terracotta block' at -677.5, 31.5, 831.5 in world 'world'
[1/14/23, 7:52 PM]: mixygames place block 'westward purple glazed terracotta block' at -677.5, 31.5, 831.5 in world 'world'
[1/14/23, 7:52 PM]: mixygames place block 'westward purple glazed terracotta block' at -677.5, 32.5, 831.5 in world 'world'
[1/14/23, 7:52 PM]: mixygames place block 'eastward purple glazed terracotta block' at -677.5, 34.5, 831.5 in world 'world'
[1/14/23, 7:52 PM]: mixygames place block 'westward purple glazed terracotta block' at -677.5, 34.5, 831.5 in world 'world'
[1/14/23, 7:52 PM]: mixygames place block 'purple glazed terracotta block' at -679.5, 34.5, 831.5 in world 'world'
[1/14/23, 7:52 PM]: mixygames place block 'purple glazed terracotta block' at -677.5, 32.5, 831.5 in world 'world'
[1/14/23, 7:52 PM]: mixygames place block 'cobblestone block' at -677.5, 29.5, 830.5 in world 'world'
[1/14/23, 7:51 PM]: mixygames place block 'crying obsidian' at -679.5, 30.5, 831.5 in world 'world'
[1/14/23, 7:51 PM]: mixygames place block 'crying obsidian' at -677.5, 30.5, 831.5 in world 'world'
[1/14/23, 7:51 PM]: mixygames place block 'crying obsidian' at -678.5, 29.5, 831.5 in world 'world'
[1/14/23, 7:51 PM]: mixygames place block 'eastward purple glazed terracotta block' at -677.5, 31.5, 831.5 in world 'world'
[1/14/23, 7:51 PM]: mixygames place block 'crying obsidian' at -678.5, 31.5, 831.5 in world 'world'
[1/14/23, 7:51 PM]: mixygames place block 'westward purple glazed terracotta block' at -677.5, 31.5, 831.5 in world 'world'
[1/14/23, 7:51 PM]: mixygames place block 'purple glazed terracotta block' at -679.5, 31.5, 831.5 in world 'world'
[1/14/23, 7:51 PM]: mixygames place block 'purple glazed terracotta block' at -677.5, 31.5, 831.5 in world 'world'
[1/14/23, 7:51 PM]: mixygames place block 'southward purple glazed terracotta block' at -677.5, 29.5, 831.5 in world 'world'
[1/14/23, 7:51 PM]: mixygames place block 'purple glazed terracotta block' at -677.5, 29.5, 831.5 in world 'world'
[1/14/23, 7:51 PM]: mixygames place block 'eastward purple glazed terracotta block' at -677.5, 28.5, 831.5 in world 'world'
[1/14/23, 7:51 PM]: mixygames place block 'purple glazed terracotta block' at -677.5, 28.5, 831.5 in world 'world'
[1/14/23, 7:50 PM]: mixygames place block 'westward purple glazed terracotta block' at -677.5, 28.5, 831.5 in world 'world'
[1/14/23, 7:50 PM]: mixygames place block 'southward purple glazed terracotta block' at -677.5, 29.5, 831.5 in world 'world'
[1/14/23, 7:50 PM]: mixygames place block 'southward purple glazed terracotta block' at -677.5, 28.5, 831.5 in world 'world'
[1/14/23, 7:50 PM]: mixygames place block 'eastward purple glazed terracotta block' at -677.5, 28.5, 831.5 in world 'world'
[1/14/23, 7:50 PM]: mixygames place block 'purple glazed terracotta block' at -677.5, 28.5, 831.5 in world 'world'
[1/14/23, 7:50 PM]: mixygames place block 'westward purple glazed terracotta block' at -677.5, 28.5, 831.5 in world 'world'
[1/14/23, 7:50 PM]: mixygames place block 'obsidian block' at -677.5, 28.5, 831.5 in world 'world'
[1/14/23, 7:50 PM]: mixygames place block 'eastward purple glazed terracotta block' at -677.5, 28.5, 831.5 in world 'world'
[1/14/23, 7:50 PM]: mixygames place block 'purple glazed terracotta block' at -677.5, 28.5, 831.5 in world 'world'
[1/14/23, 7:50 PM]: mixygames place block 'purple glazed terracotta block' at -677.5, 28.5, 831.5 in world 'world'
[1/14/23, 7:49 PM]: mixygames place block 'southward purple glazed terracotta block' at -677.5, 28.5, 831.5 in world 'world'
[1/14/23, 7:49 PM]: mixygames place block 'southward purple glazed terracotta block' at -677.5, 29.5, 831.5 in world 'world'
[1/14/23, 7:49 PM]: mixygames place block 'purple glazed terracotta block' at -677.5, 29.5, 831.5 in world 'world'
[1/14/23, 7:49 PM]: mixygames place block 'westward purple glazed terracotta block' at -679.5, 29.5, 831.5 in world 'world'
[1/14/23, 7:49 PM]: mixygames place block 'cobblestone block' at -679.5, 27.5, 830.5 in world 'world'
[1/14/23, 7:49 PM]: mixygames place block 'crying obsidian' at -679.5, 27.5, 831.5 in world 'world'
[1/14/23, 7:49 PM]: mixygames place block 'westward purple glazed terracotta block' at -679.5, 26.5, 831.5 in world 'world'
[1/14/23, 7:49 PM]: mixygames place block 'southward purple glazed terracotta block' at -679.5, 26.5, 831.5 in world 'world'
[1/14/23, 7:49 PM]: mixygames place block 'purple glazed terracotta block' at -679.5, 26.5, 831.5 in world 'world'
[1/14/23, 7:48 PM]: mixygames place block 'purple glazed terracotta block' at -679.5, 26.5, 831.5 in world 'world'
[1/14/23, 7:48 PM]: mixygames place block 'eastward purple glazed terracotta block' at -679.5, 26.5, 831.5 in world 'world'
[1/14/23, 7:48 PM]: mixygames place block 'crying obsidian' at -679.5, 27.5, 831.5 in world 'world'
[1/14/23, 7:48 PM]: mixygames place block 'crying obsidian' at -677.5, 27.5, 831.5 in world 'world'
[1/14/23, 7:48 PM]: mixygames place block 'purple glazed terracotta block' at -679.5, 28.5, 831.5 in world 'world'
[1/14/23, 7:48 PM]: mixygames place block 'cobblestone block' at -678.5, 25.5, 830.5 in world 'world'
[1/14/23, 7:48 PM]: mixygames place block 'eastward purple glazed terracotta block' at -677.5, 28.5, 831.5 in world 'world'
[1/14/23, 7:48 PM]: mixygames place block 'purple glazed terracotta block' at -677.5, 29.5, 831.5 in world 'world'
[1/14/23, 7:48 PM]: mixygames place block 'cobblestone block' at -678.5, 29.5, 831.5 in world 'world'
[1/14/23, 7:48 PM]: mixygames place block 'eastward purple glazed terracotta block' at -679.5, 26.5, 831.5 in world 'world'
[1/14/23, 7:48 PM]: mixygames place block 'purple glazed terracotta block' at -679.5, 26.5, 831.5 in world 'world'
[1/14/23, 7:47 PM]: mixygames place block 'westward purple glazed terracotta block' at -677.5, 29.5, 831.5 in world 'world'
[1/14/23, 7:47 PM]: mixygames place block 'purple glazed terracotta block' at -679.5, 29.5, 831.5 in world 'world'
[1/14/23, 7:47 PM]: mixygames place block 'purple glazed terracotta block' at -679.5, 26.5, 831.5 in world 'world'
[1/14/23, 7:47 PM]: mixygames place block 'southward purple glazed terracotta block' at -677.5, 26.5, 831.5 in world 'world'
[1/14/23, 7:47 PM]: mixygames place block 'cobblestone block' at -678.5, 26.5, 830.5 in world 'world'
[1/14/23, 7:46 PM]: mixygames place block 'cobblestone block' at -678.5, 25.5, 830.5 in world 'world'
[1/14/23, 7:46 PM]: mixygames place block 'cobblestone block' at -677.5, 23.5, 830.5 in world 'world'
[1/14/23, 7:46 PM]: mixygames place block 'cobblestone block' at -677.5, 22.5, 830.5 in world 'world'
[1/14/23, 7:33 PM]: mixygames place block 'crying obsidian' at -680.5, 22.5, 827.5 in world 'world'
[1/14/23, 7:33 PM]: mixygames place block 'crying obsidian' at -680.5, 21.5, 828.5 in world 'world'
[1/14/23, 7:33 PM]: mixygames place block 'crying obsidian' at -680.5, 21.5, 829.5 in world 'world'
[1/14/23, 7:33 PM]: mixygames place block 'crying obsidian' at -680.5, 21.5, 830.5 in world 'world'
[1/14/23, 7:33 PM]: mixygames place block 'crying obsidian' at -680.5, 22.5, 831.5 in world 'world'
[1/14/23, 7:33 PM]: mixygames place block 'crying obsidian' at -681.5, 22.5, 827.5 in world 'world'
[1/14/23, 7:33 PM]: mixygames place block 'crying obsidian' at -682.5, 23.5, 827.5 in world 'world'
[1/14/23, 7:33 PM]: mixygames place block 'crying obsidian' at -682.5, 23.5, 831.5 in world 'world'
[1/14/23, 7:33 PM]: mixygames place block 'cobblestone block' at -680.5, 20.5, 830.5 in world 'world'
[1/14/23, 7:32 PM]: mixygames place block 'crying obsidian' at -680.5, 23.5, 831.5 in world 'world'
[1/14/23, 7:32 PM]: mixygames place block 'crying obsidian' at -680.5, 24.5, 831.5 in world 'world'
[1/14/23, 7:32 PM]: mixygames place block 'crying obsidian' at -680.5, 25.5, 828.5 in world 'world'
[1/14/23, 7:32 PM]: mixygames place block 'crying obsidian' at -680.5, 25.5, 829.5 in world 'world'
[1/14/23, 7:32 PM]: mixygames place block 'crying obsidian' at -680.5, 25.5, 830.5 in world 'world'
[1/14/23, 7:32 PM]: mixygames place block 'obsidian block' at -680.5, 25.5, 828.5 in world 'world'
[1/14/23, 7:32 PM]: mixygames place block 'obsidian block' at -680.5, 25.5, 829.5 in world 'world'
[1/14/23, 7:32 PM]: mixygames place block 'obsidian block' at -680.5, 25.5, 830.5 in world 'world'
[1/14/23, 7:32 PM]: mixygames place block 'crying obsidian' at -679.5, 23.5, 831.5 in world 'world'
[1/14/23, 7:32 PM]: mixygames place block 'crying obsidian' at -678.5, 22.5, 831.5 in world 'world'
[1/14/23, 7:32 PM]: mixygames place block 'crying obsidian' at -677.5, 23.5, 831.5 in world 'world'
[1/14/23, 7:32 PM]: mixygames place block 'crying obsidian' at -678.5, 24.5, 831.5 in world 'world'
[1/14/23, 7:32 PM]: mixygames place block 'southward purple glazed terracotta block' at -677.5, 22.5, 831.5 in world 'world'
[1/14/23, 7:31 PM]: mixygames place block 'westward purple glazed terracotta block' at -679.5, 22.5, 831.5 in world 'world'
[1/14/23, 7:31 PM]: mixygames place block 'westward purple glazed terracotta block' at -677.5, 22.5, 831.5 in world 'world'
[1/14/23, 7:31 PM]: mixygames place block 'eastward purple glazed terracotta block' at -677.5, 24.5, 831.5 in world 'world'
[1/14/23, 7:31 PM]: mixygames place block 'eastward purple glazed terracotta block' at -679.5, 22.5, 831.5 in world 'world'
[1/14/23, 7:31 PM]: mixygames place block 'purple glazed terracotta block' at -679.5, 24.5, 831.5 in world 'world'
[1/14/23, 7:31 PM]: mixygames place block 'purple glazed terracotta block' at -677.5, 22.5, 831.5 in world 'world'
[1/14/23, 7:26 PM]: mixygames place block 'top dark oak wood slab' at -699.5, 25.5, 809.5 in world 'world'
[1/14/23, 7:25 PM]: mixygames place block 'westward birch wood floor button' at -699.5, 26.5, 809.5 in world 'world'
[1/14/23, 7:25 PM]: mixygames place block 'blue concrete' at -700.5, 28.5, 809.5 in world 'world'
[1/14/23, 7:25 PM]: mixygames place block 'slime block' at -700.5, 27.5, 809.5 in world 'world'
[1/14/23, 7:25 PM]: mixygames place block 'upward sticky piston' at -700.5, 26.5, 809.5 in world 'world'
[1/14/23, 7:25 PM]: mixygames place block 'eastward sticky piston' at -700.5, 26.5, 809.5 in world 'world'
[1/14/23, 7:23 PM]: mixygames place block 'obsidian block' at -713.5, 42.5, 817.5 in world 'world'
[1/14/23, 7:23 PM]: mixygames place block 'obsidian block' at -712.5, 41.5, 817.5 in world 'world'
[1/14/23, 7:23 PM]: mixygames place block 'obsidian block' at -713.5, 40.5, 817.5 in world 'world'
[1/14/23, 7:23 PM]: mixygames place block 'obsidian block' at -714.5, 41.5, 817.5 in world 'world'
[1/14/23, 7:22 PM]: mixygames place block 'chiseled nether brick' at -713.5, 41.5, 816.5 in world 'world'
[1/14/23, 7:22 PM]: mixygames place block 'light blue glazed terracotta block' at -713.5, 40.5, 816.5 in world 'world'
[1/14/23, 7:22 PM]: mixygames place block 'westward light blue glazed terracotta block' at -716.5, 41.5, 819.5 in world 'world'
[1/14/23, 7:22 PM]: mixygames place block 'slime block' at -716.5, 40.5, 819.5 in world 'world'
[1/14/23, 7:22 PM]: mixygames place block 'chiseled nether brick' at -716.5, 41.5, 819.5 in world 'world'
[1/14/23, 7:22 PM]: mixygames place block 'chiseled nether brick' at -717.5, 40.5, 819.5 in world 'world'
[1/14/23, 7:22 PM]: mixygames place block 'chiseled nether brick' at -716.5, 40.5, 819.5 in world 'world'
[1/14/23, 7:22 PM]: mixygames place block 'crying obsidian' at -712.5, 41.5, 817.5 in world 'world'
[1/14/23, 7:22 PM]: mixygames place block 'crying obsidian' at -713.5, 42.5, 817.5 in world 'world'
[1/14/23, 7:22 PM]: mixygames place block 'crying obsidian' at -714.5, 41.5, 817.5 in world 'world'
[1/14/23, 7:22 PM]: mixygames place block 'crying obsidian' at -713.5, 40.5, 817.5 in world 'world'
[1/14/23, 7:22 PM]: mixygames place block 'black glazed terracotta block' at -712.5, 42.5, 817.5 in world 'world'
[1/14/23, 7:22 PM]: mixygames place block 'westward black glazed terracotta block' at -712.5, 40.5, 817.5 in world 'world'
[1/14/23, 7:22 PM]: mixygames place block 'crying obsidian' at -712.5, 40.5, 817.5 in world 'world'
[1/14/23, 7:22 PM]: mixygames place block 'westward black glazed terracotta block' at -712.5, 42.5, 817.5 in world 'world'
[1/14/23, 7:22 PM]: mixygames place block 'eastward black glazed terracotta block' at -714.5, 42.5, 817.5 in world 'world'
[1/14/23, 7:22 PM]: mixygames place block 'eastward black glazed terracotta block' at -712.5, 40.5, 817.5 in world 'world'
[1/14/23, 7:22 PM]: mixygames place block 'southward black glazed terracotta block' at -714.5, 40.5, 817.5 in world 'world'
[1/14/23, 7:22 PM]: mixygames place block 'crying obsidian' at -715.5, 41.5, 818.5 in world 'world'
[1/14/23, 7:22 PM]: mixygames place block 'crying obsidian' at -715.5, 42.5, 819.5 in world 'world'
[1/14/23, 7:22 PM]: mixygames place block 'crying obsidian' at -715.5, 40.5, 819.5 in world 'world'
[1/14/23, 7:22 PM]: mixygames place block 'crying obsidian' at -715.5, 41.5, 820.5 in world 'world'
[1/14/23, 7:21 PM]: mixygames place block 'southward purple glazed terracotta block' at -715.5, 42.5, 820.5 in world 'world'
[1/14/23, 7:21 PM]: mixygames place block 'westward purple glazed terracotta block' at -715.5, 42.5, 820.5 in world 'world'
[1/14/23, 7:21 PM]: mixygames place block 'westward purple glazed terracotta block' at -715.5, 40.5, 820.5 in world 'world'
[1/14/23, 7:21 PM]: mixygames place block 'eastward purple glazed terracotta block' at -715.5, 40.5, 820.5 in world 'world'
[1/14/23, 7:21 PM]: mixygames place block 'raw prismarine block' at -716.5, 43.5, 820.5 in world 'world'
[1/14/23, 7:21 PM]: mixygames place block 'raw prismarine block' at -717.5, 43.5, 820.5 in world 'world'
[1/14/23, 7:21 PM]: mixygames place block 'purple glazed terracotta block' at -715.5, 40.5, 818.5 in world 'world'
[1/14/23, 7:21 PM]: mixygames place block 'purple glazed terracotta block' at -715.5, 42.5, 820.5 in world 'world'
[1/14/23, 7:21 PM]: mixygames place block 'eastward purple glazed terracotta block' at -715.5, 42.5, 818.5 in world 'world'
[1/14/23, 7:21 PM]: mixygames place block 'eastward purple glazed terracotta block' at -715.5, 40.5, 820.5 in world 'world'
[1/14/23, 7:21 PM]: mixygames place block 'obsidian block' at -714.5, 41.5, 826.5 in world 'world'
[1/14/23, 7:21 PM]: mixygames place block 'obsidian block' at -713.5, 42.5, 826.5 in world 'world'
[1/14/23, 7:21 PM]: mixygames place block 'obsidian block' at -712.5, 41.5, 826.5 in world 'world'
[1/14/23, 7:21 PM]: mixygames place block 'obsidian block' at -713.5, 40.5, 826.5 in world 'world'
[1/14/23, 7:21 PM]: mixygames place block 'southward purple glazed terracotta block' at -712.5, 40.5, 826.5 in world 'world'
[1/14/23, 7:21 PM]: mixygames place block 'westward purple glazed terracotta block' at -714.5, 40.5, 826.5 in world 'world'
[1/14/23, 7:21 PM]: mixygames place block 'purple glazed terracotta block' at -714.5, 42.5, 826.5 in world 'world'
[1/14/23, 7:21 PM]: mixygames place block 'purple glazed terracotta block' at -714.5, 40.5, 826.5 in world 'world'
[1/14/23, 7:21 PM]: mixygames place block 'eastward purple glazed terracotta block' at -712.5, 42.5, 826.5 in world 'world'
[1/14/23, 7:21 PM]: mixygames place block 'eastward purple glazed terracotta block' at -711.5, 42.5, 826.5 in world 'world'
[1/14/23, 7:20 PM]: mixygames place block 'eastward purple glazed terracotta block' at -711.5, 42.5, 826.5 in world 'world'
[1/14/23, 7:20 PM]: mixygames place block 'raw prismarine block' at -713.5, 43.5, 826.5 in world 'world'
[1/14/23, 7:20 PM]: mixygames place block 'raw prismarine block' at -714.5, 43.5, 826.5 in world 'world'
[1/14/23, 7:20 PM]: mixygames place block 'eastward blue glazed terracotta block' at -712.5, 42.5, 826.5 in world 'world'
[1/14/23, 7:20 PM]: mixygames place block 'eastward purple glazed terracotta block' at -714.5, 40.5, 826.5 in world 'world'
[1/14/23, 7:18 PM]: mixygames place block 'westward purple glazed terracotta block' at -718.5, 41.5, 835.5 in world 'world'
[1/14/23, 7:18 PM]: mixygames place block 'purple glazed terracotta block' at -718.5, 41.5, 835.5 in world 'world'
[1/14/23, 7:18 PM]: mixygames place block 'blue glazed terracotta block' at -718.5, 41.5, 835.5 in world 'world'
[1/14/23, 7:18 PM]: mixygames place block 'southward purple glazed terracotta block' at -718.5, 41.5, 835.5 in world 'world'
[1/14/23, 7:18 PM]: mixygames place block 'southward purple glazed terracotta block' at -718.5, 40.5, 835.5 in world 'world'
[1/14/23, 7:18 PM]: mixygames place block 'eastward purple glazed terracotta block' at -718.5, 40.5, 835.5 in world 'world'
[1/14/23, 7:17 PM]: mixygames place block 'eastward light blue glazed terracotta block' at -712.5, 42.5, 829.5 in world 'world'
[1/14/23, 7:17 PM]: mixygames place block 'westward light blue glazed terracotta block' at -714.5, 40.5, 829.5 in world 'world'
[1/14/23, 7:17 PM]: Sydras_ place block 'light blue glazed terracotta block' at -712.5, 40.5, 829.5 in world 'world'
[1/14/23, 7:17 PM]: Sydras_ place block 'light blue glazed terracotta block' at -712.5, 42.5, 829.5 in world 'world'
[1/14/23, 7:17 PM]: Sydras_ place block 'southward light blue glazed terracotta block' at -714.5, 42.5, 829.5 in world 'world'
[1/14/23, 7:17 PM]: Sydras_ place block 'southward light blue glazed terracotta block' at -714.5, 40.5, 829.5 in world 'world'
[1/14/23, 7:17 PM]: Sydras_ place block 'raw prismarine block' at -712.5, 39.5, 830.5 in world 'world'
[1/14/23, 7:17 PM]: Sydras_ place block 'raw prismarine block' at -712.5, 39.5, 829.5 in world 'world'
[1/14/23, 7:16 PM]: Sydras_ place block 'southward light blue glazed terracotta block' at -712.5, 42.5, 830.5 in world 'world'
[1/14/23, 7:16 PM]: Sydras_ place block 'southward light blue glazed terracotta block' at -714.5, 42.5, 830.5 in world 'world'
[1/14/23, 7:16 PM]: Sydras_ place block 'light blue glazed terracotta block' at -712.5, 40.5, 830.5 in world 'world'
[1/14/23, 7:16 PM]: Sydras_ place block 'southward light blue glazed terracotta block' at -712.5, 40.5, 830.5 in world 'world'
[1/14/23, 7:16 PM]: Sydras_ place block 'southward light blue glazed terracotta block' at -714.5, 40.5, 830.5 in world 'world'
[1/14/23, 7:16 PM]: Sydras_ place block 'light blue glazed terracotta block' at -697.5, 40.5, 841.5 in world 'world'
[1/14/23, 7:16 PM]: mixygames place block 'purple glazed terracotta block' at -718.5, 41.5, 833.5 in world 'world'
[1/14/23, 7:15 PM]: mixygames place block 'westward purple glazed terracotta block' at -718.5, 41.5, 833.5 in world 'world'
[1/14/23, 7:15 PM]: mixygames place block 'southward purple glazed terracotta block' at -718.5, 41.5, 833.5 in world 'world'
[1/14/23, 7:15 PM]: mixygames place block 'eastward purple glazed terracotta block' at -718.5, 41.5, 833.5 in world 'world'
[1/14/23, 7:15 PM]: mixygames place block 'eastward purple glazed terracotta block' at -718.5, 40.5, 833.5 in world 'world'
[1/14/23, 7:15 PM]: mixygames place block 'crying obsidian' at -713.5, 42.5, 829.5 in world 'world'
[1/14/23, 7:15 PM]: mixygames place block 'crying obsidian' at -713.5, 40.5, 829.5 in world 'world'
[1/14/23, 7:15 PM]: mixygames place block 'crying obsidian' at -712.5, 41.5, 829.5 in world 'world'
[1/14/23, 7:15 PM]: mixygames place block 'crying obsidian' at -714.5, 41.5, 829.5 in world 'world'
[1/14/23, 7:15 PM]: mixygames place block 'westward purple glazed terracotta block' at -714.5, 42.5, 829.5 in world 'world'
[1/14/23, 7:15 PM]: mixygames place block 'southward purple glazed terracotta block' at -712.5, 42.5, 829.5 in world 'world'
[1/14/23, 7:15 PM]: mixygames place block 'southward blue glazed terracotta block' at -712.5, 41.5, 829.5 in world 'world'
[1/14/23, 7:15 PM]: mixygames place block 'southward purple glazed terracotta block' at -714.5, 42.5, 829.5 in world 'world'
[1/14/23, 7:15 PM]: mixygames place block 'southward blue glazed terracotta block' at -714.5, 41.5, 829.5 in world 'world'
[1/14/23, 7:15 PM]: mixygames place block 'purple glazed terracotta block' at -714.5, 40.5, 829.5 in world 'world'
[1/14/23, 7:15 PM]: mixygames place block 'eastward purple glazed terracotta block' at -712.5, 40.5, 829.5 in world 'world'
[1/14/23, 7:15 PM]: mixygames place block 'westward purple glazed terracotta block' at -714.5, 40.5, 829.5 in world 'world'
[1/14/23, 7:15 PM]: mixygames place block 'southward purple glazed terracotta block' at -714.5, 40.5, 829.5 in world 'world'
[1/14/23, 7:11 PM]: mixygames place block 'crying obsidian' at -678.5, 25.5, 831.5 in world 'world'
[1/14/23, 7:11 PM]: mixygames place block 'prismarine brick' at -675.5, 23.5, 827.5 in world 'world'
[1/14/23, 7:11 PM]: mixygames place block 'prismarine brick' at -675.5, 22.5, 827.5 in world 'world'
[1/14/23, 7:11 PM]: mixygames place block 'southward warped button' at -678.5, 23.5, 827.5 in world 'world'
[1/14/23, 7:11 PM]: mixygames place block 'amethyst block' at -678.5, 23.5, 826.5 in world 'world'
[1/14/23, 7:11 PM]: mixygames place block 'crimson button' at -678.5, 23.5, 831.5 in world 'world'
[1/14/23, 7:11 PM]: mixygames place block 'amethyst block' at -678.5, 23.5, 832.5 in world 'world'
[1/14/23, 7:04 PM]: mixygames place block 'obsidian block' at -678.5, 36.5, 826.5 in world 'world'
[1/14/23, 7:04 PM]: mixygames place block 'obsidian block' at -678.5, 36.5, 827.5 in world 'world'
[1/14/23, 7:04 PM]: mixygames place block 'eastward blue glazed terracotta block' at -678.5, 37.5, 827.5 in world 'world'
[1/14/23, 7:04 PM]: mixygames place block 'westward blue glazed terracotta block' at -678.5, 37.5, 827.5 in world 'world'
[1/14/23, 7:04 PM]: mixygames place block 'southward blue glazed terracotta block' at -678.5, 37.5, 827.5 in world 'world'
[1/14/23, 7:04 PM]: mixygames place block 'blue glazed terracotta block' at -677.5, 36.5, 827.5 in world 'world'
[1/14/23, 7:03 PM]: mixygames place block 'eastward blue glazed terracotta block' at -677.5, 36.5, 827.5 in world 'world'
[1/14/23, 7:03 PM]: mixygames place block 'raw andesite' at -677.5, 33.5, 828.5 in world 'world'
[1/14/23, 7:03 PM]: mixygames place block 'westward blue glazed terracotta block' at -678.5, 35.5, 827.5 in world 'world'
[1/14/23, 7:03 PM]: mixygames place block 'southward blue glazed terracotta block' at -678.5, 35.5, 827.5 in world 'world'
[1/14/23, 7:03 PM]: mixygames place block 'westward blue glazed terracotta block' at -677.5, 36.5, 827.5 in world 'world'
[1/14/23, 7:03 PM]: mixygames place block 'southward blue glazed terracotta block' at -679.5, 36.5, 827.5 in world 'world'
[1/14/23, 7:02 PM]: mixygames place block 'westward blue glazed terracotta block' at -677.5, 35.5, 827.5 in world 'world'
[1/14/23, 7:02 PM]: mixygames place block 'undyed hardened clay block' at -678.5, 33.5, 828.5 in world 'world'
[1/14/23, 7:02 PM]: mixygames place block 'undyed hardened clay block' at -678.5, 32.5, 828.5 in world 'world'
[1/14/23, 7:02 PM]: mixygames place block 'undyed hardened clay block' at -678.5, 31.5, 828.5 in world 'world'
[1/14/23, 7:02 PM]: mixygames place block 'undyed hardened clay block' at -678.5, 30.5, 828.5 in world 'world'
[1/14/23, 7:02 PM]: mixygames place block 'undyed hardened clay block' at -678.5, 29.5, 828.5 in world 'world'
[1/14/23, 7:02 PM]: mixygames place block 'undyed hardened clay block' at -678.5, 28.5, 828.5 in world 'world'
[1/14/23, 7:02 PM]: mixygames place block 'undyed hardened clay block' at -678.5, 27.5, 828.5 in world 'world'
[1/14/23, 7:02 PM]: mixygames place block 'undyed hardened clay block' at -678.5, 26.5, 828.5 in world 'world'
[1/14/23, 7:02 PM]: mixygames place block 'undyed hardened clay block' at -678.5, 25.5, 828.5 in world 'world'
[1/14/23, 7:02 PM]: mixygames place block 'undyed hardened clay block' at -678.5, 24.5, 828.5 in world 'world'
[1/14/23, 6:52 PM]: gabi_86 place block 'sand block' at -94.5, 69.5, -304.5 in world 'resource_world'
[1/14/23, 6:52 PM]: gabi_86 place block 'sand block' at -94.5, 69.5, -304.5 in world 'resource_world'
[1/14/23, 6:52 PM]: gabi_86 place block 'sand block' at -94.5, 68.5, -304.5 in world 'resource_world'
[1/14/23, 6:52 PM]: gabi_86 place block 'sand block' at -95.5, 69.5, -304.5 in world 'resource_world'
[1/14/23, 6:52 PM]: gabi_86 place block 'sand block' at -95.5, 69.5, -304.5 in world 'resource_world'
[1/14/23, 6:52 PM]: gabi_86 place block 'sand block' at -95.5, 68.5, -304.5 in world 'resource_world'
[1/14/23, 6:52 PM]: gabi_86 place block 'sand block' at -96.5, 68.5, -304.5 in world 'resource_world'
[1/14/23, 6:52 PM]: gabi_86 place block 'sand block' at -96.5, 69.5, -305.5 in world 'resource_world'
[1/14/23, 6:52 PM]: gabi_86 place block 'sand block' at -96.5, 69.5, -305.5 in world 'resource_world'
[1/14/23, 6:52 PM]: gabi_86 place block 'sand block' at -96.5, 68.5, -305.5 in world 'resource_world'
[1/14/23, 6:52 PM]: gabi_86 place block 'sand block' at -97.5, 68.5, -306.5 in world 'resource_world'
[1/14/23, 6:52 PM]: gabi_86 place block 'sand block' at -97.5, 69.5, -306.5 in world 'resource_world'
[1/14/23, 6:52 PM]: gabi_86 place block 'sand block' at -97.5, 69.5, -306.5 in world 'resource_world'
[1/14/23, 6:52 PM]: gabi_86 place block 'sand block' at -97.5, 69.5, -306.5 in world 'resource_world'
[1/14/23, 6:52 PM]: gabi_86 place block 'sand block' at -97.5, 69.5, -307.5 in world 'resource_world'
[1/14/23, 6:52 PM]: gabi_86 place block 'sand block' at -99.5, 69.5, -308.5 in world 'resource_world'
[1/14/23, 6:52 PM]: gabi_86 place block 'sand block' at -100.5, 70.5, -308.5 in world 'resource_world'
[1/14/23, 6:52 PM]: gabi_86 place block 'sand block' at -100.5, 70.5, -308.5 in world 'resource_world'
[1/14/23, 6:52 PM]: gabi_86 place block 'sand block' at -100.5, 68.5, -309.5 in world 'resource_world'
[1/14/23, 6:52 PM]: gabi_86 place block 'sand block' at -100.5, 68.5, -309.5 in world 'resource_world'
[1/14/23, 6:52 PM]: gabi_86 place block 'sand block' at -100.5, 69.5, -309.5 in world 'resource_world'
[1/14/23, 6:52 PM]: gabi_86 place block 'sand block' at -100.5, 70.5, -310.5 in world 'resource_world'
[1/14/23, 6:52 PM]: gabi_86 place block 'sand block' at -100.5, 70.5, -310.5 in world 'resource_world'
[1/14/23, 6:52 PM]: gabi_86 place block 'sand block' at -100.5, 69.5, -310.5 in world 'resource_world'
[1/14/23, 6:52 PM]: gabi_86 place block 'sand block' at -100.5, 68.5, -311.5 in world 'resource_world'
[1/14/23, 6:52 PM]: gabi_86 place block 'sand block' at -100.5, 70.5, -312.5 in world 'resource_world'
[1/14/23, 6:52 PM]: gabi_86 place block 'sand block' at -100.5, 70.5, -312.5 in world 'resource_world'
[1/14/23, 6:52 PM]: gabi_86 place block 'sand block' at -100.5, 69.5, -312.5 in world 'resource_world'
[1/14/23, 6:52 PM]: gabi_86 place block 'sand block' at -100.5, 70.5, -312.5 in world 'resource_world'
[1/14/23, 6:52 PM]: gabi_86 place block 'sand block' at -100.5, 70.5, -312.5 in world 'resource_world'
[1/14/23, 6:52 PM]: gabi_86 place block 'sand block' at -100.5, 70.5, -312.5 in world 'resource_world'
[1/14/23, 6:52 PM]: gabi_86 place block 'sand block' at -100.5, 69.5, -313.5 in world 'resource_world'
[1/14/23, 6:52 PM]: gabi_86 place block 'sand block' at -100.5, 71.5, -316.5 in world 'resource_world'
[1/14/23, 6:52 PM]: gabi_86 place block 'sand block' at -100.5, 71.5, -316.5 in world 'resource_world'
[1/14/23, 6:52 PM]: gabi_86 place block 'sand block' at -100.5, 71.5, -316.5 in world 'resource_world'
[1/14/23, 6:52 PM]: gabi_86 place block 'sand block' at -100.5, 68.5, -317.5 in world 'resource_world'
[1/14/23, 6:52 PM]: gabi_86 place block 'sand block' at -100.5, 68.5, -317.5 in world 'resource_world'
[1/14/23, 6:52 PM]: gabi_86 place block 'sand block' at -100.5, 70.5, -316.5 in world 'resource_world'
[1/14/23, 6:52 PM]: gabi_86 place block 'sand block' at -100.5, 69.5, -316.5 in world 'resource_world'
[1/14/23, 6:52 PM]: gabi_86 place block 'sand block' at -99.5, 70.5, -315.5 in world 'resource_world'
[1/14/23, 6:52 PM]: gabi_86 place block 'sand block' at -99.5, 70.5, -315.5 in world 'resource_world'
[1/14/23, 6:52 PM]: gabi_86 place block 'sand block' at -98.5, 69.5, -316.5 in world 'resource_world'
[1/14/23, 6:52 PM]: gabi_86 place block 'sand block' at -97.5, 70.5, -318.5 in world 'resource_world'
[1/14/23, 6:52 PM]: gabi_86 place block 'sand block' at -99.5, 71.5, -321.5 in world 'resource_world'
[1/14/23, 6:52 PM]: gabi_86 place block 'sand block' at -99.5, 71.5, -321.5 in world 'resource_world'
[1/14/23, 6:52 PM]: gabi_86 place block 'sand block' at -99.5, 71.5, -321.5 in world 'resource_world'
[1/14/23, 6:52 PM]: gabi_86 place block 'sand block' at -99.5, 70.5, -321.5 in world 'resource_world'
[1/14/23, 6:52 PM]: gabi_86 place block 'sand block' at -100.5, 71.5, -321.5 in world 'resource_world'
[1/14/23, 6:52 PM]: gabi_86 place block 'sand block' at -101.5, 71.5, -321.5 in world 'resource_world'
[1/14/23, 6:52 PM]: gabi_86 place block 'sand block' at -101.5, 70.5, -321.5 in world 'resource_world'
[1/14/23, 6:52 PM]: gabi_86 place block 'sand block' at -102.5, 71.5, -320.5 in world 'resource_world'
[1/14/23, 6:52 PM]: gabi_86 place block 'sand block' at -102.5, 71.5, -319.5 in world 'resource_world'
[1/14/23, 6:52 PM]: gabi_86 place block 'sand block' at -101.5, 70.5, -320.5 in world 'resource_world'
[1/14/23, 6:51 PM]: gabi_86 place block 'sand block' at -99.5, 71.5, -313.5 in world 'resource_world'
[1/14/23, 6:51 PM]: gabi_86 place block 'sand block' at -99.5, 70.5, -313.5 in world 'resource_world'
[1/14/23, 6:51 PM]: gabi_86 place block 'sand block' at -99.5, 71.5, -312.5 in world 'resource_world'
[1/14/23, 6:51 PM]: gabi_86 place block 'sand block' at -99.5, 70.5, -312.5 in world 'resource_world'
[1/14/23, 6:51 PM]: gabi_86 place block 'sand block' at -98.5, 70.5, -312.5 in world 'resource_world'
[1/14/23, 6:51 PM]: gabi_86 place block 'sand block' at -98.5, 70.5, -311.5 in world 'resource_world'
[1/14/23, 6:51 PM]: gabi_86 place block 'sand block' at -97.5, 70.5, -311.5 in world 'resource_world'
[1/14/23, 6:51 PM]: gabi_86 place block 'sand block' at -96.5, 70.5, -311.5 in world 'resource_world'
[1/14/23, 6:51 PM]: gabi_86 place block 'sand block' at -96.5, 70.5, -309.5 in world 'resource_world'
[1/14/23, 6:51 PM]: gabi_86 place block 'sand block' at -97.5, 70.5, -310.5 in world 'resource_world'
[1/14/23, 6:51 PM]: gabi_86 place block 'sand block' at -94.5, 69.5, -307.5 in world 'resource_world'
[1/14/23, 6:51 PM]: gabi_86 place block 'sand block' at -92.5, 69.5, -306.5 in world 'resource_world'
[1/14/23, 6:51 PM]: gabi_86 place block 'sand block' at -85.5, 68.5, -296.5 in world 'resource_world'
[1/14/23, 6:51 PM]: gabi_86 place block 'sand block' at -85.5, 68.5, -295.5 in world 'resource_world'
[1/14/23, 6:51 PM]: gabi_86 place block 'sand block' at -86.5, 68.5, -295.5 in world 'resource_world'
[1/14/23, 6:51 PM]: gabi_86 place block 'sand block' at -86.5, 68.5, -295.5 in world 'resource_world'
[1/14/23, 6:51 PM]: gabi_86 place block 'sand block' at -85.5, 68.5, -294.5 in world 'resource_world'
[1/14/23, 6:51 PM]: gabi_86 place block 'sand block' at -85.5, 68.5, -295.5 in world 'resource_world'
[1/14/23, 6:51 PM]: gabi_86 place block 'sand block' at -86.5, 68.5, -295.5 in world 'resource_world'
[1/14/23, 6:51 PM]: gabi_86 place block 'sand block' at -87.5, 68.5, -294.5 in world 'resource_world'
[1/14/23, 6:51 PM]: gabi_86 place block 'sand block' at -88.5, 68.5, -293.5 in world 'resource_world'
[1/14/23, 6:51 PM]: gabi_86 place block 'sand block' at -87.5, 68.5, -292.5 in world 'resource_world'
[1/14/23, 6:51 PM]: gabi_86 place block 'sand block' at -87.5, 68.5, -292.5 in world 'resource_world'
[1/14/23, 6:51 PM]: gabi_86 place block 'sand block' at -84.5, 69.5, -292.5 in world 'resource_world'
[1/14/23, 6:51 PM]: gabi_86 place block 'sand block' at -85.5, 68.5, -294.5 in world 'resource_world'
[1/14/23, 6:51 PM]: gabi_86 place block 'sand block' at -86.5, 68.5, -294.5 in world 'resource_world'
[1/14/23, 6:51 PM]: gabi_86 place block 'sand block' at -87.5, 68.5, -293.5 in world 'resource_world'
[1/14/23, 6:51 PM]: gabi_86 place block 'sand block' at -88.5, 68.5, -292.5 in world 'resource_world'
[1/14/23, 6:51 PM]: gabi_86 place block 'sand block' at -88.5, 68.5, -292.5 in world 'resource_world'
[1/14/23, 6:51 PM]: gabi_86 place block 'sand block' at -87.5, 68.5, -292.5 in world 'resource_world'
[1/14/23, 6:51 PM]: gabi_86 place block 'sand block' at -87.5, 68.5, -292.5 in world 'resource_world'
[1/14/23, 6:51 PM]: gabi_86 place block 'sand block' at -87.5, 68.5, -292.5 in world 'resource_world'
[1/14/23, 6:51 PM]: gabi_86 place block 'sand block' at -87.5, 68.5, -291.5 in world 'resource_world'
[1/14/23, 6:51 PM]: gabi_86 place block 'sand block' at -87.5, 68.5, -291.5 in world 'resource_world'
[1/14/23, 6:51 PM]: gabi_86 place block 'sand block' at -87.5, 68.5, -291.5 in world 'resource_world'
[1/14/23, 6:51 PM]: gabi_86 place block 'sand block' at -88.5, 68.5, -290.5 in world 'resource_world'
[1/14/23, 6:51 PM]: gabi_86 place block 'sand block' at -90.5, 68.5, -290.5 in world 'resource_world'
[1/14/23, 6:51 PM]: gabi_86 place block 'sand block' at -85.5, 69.5, -291.5 in world 'resource_world'
[1/14/23, 6:51 PM]: gabi_86 place block 'sand block' at -87.5, 69.5, -287.5 in world 'resource_world'
[1/14/23, 6:51 PM]: gabi_86 place block 'sand block' at -87.5, 69.5, -286.5 in world 'resource_world'
[1/14/23, 6:51 PM]: gabi_86 place block 'sand block' at -87.5, 69.5, -286.5 in world 'resource_world'
[1/14/23, 6:51 PM]: gabi_86 place block 'sand block' at -87.5, 69.5, -286.5 in world 'resource_world'
[1/14/23, 6:51 PM]: gabi_86 place block 'sand block' at -86.5, 69.5, -285.5 in world 'resource_world'
[1/14/23, 6:51 PM]: gabi_86 place block 'sand block' at -87.5, 69.5, -285.5 in world 'resource_world'
[1/14/23, 6:51 PM]: gabi_86 place block 'sand block' at -87.5, 69.5, -285.5 in world 'resource_world'
[1/14/23, 6:51 PM]: gabi_86 place block 'sand block' at -88.5, 68.5, -285.5 in world 'resource_world'
[1/14/23, 6:51 PM]: gabi_86 place block 'sand block' at -88.5, 68.5, -285.5 in world 'resource_world'
[1/14/23, 6:51 PM]: gabi_86 place block 'sand block' at -89.5, 68.5, -285.5 in world 'resource_world'
[1/14/23, 6:51 PM]: gabi_86 place block 'sand block' at -87.5, 69.5, -286.5 in world 'resource_world'
[1/14/23, 6:51 PM]: gabi_86 place block 'sand block' at -87.5, 69.5, -286.5 in world 'resource_world'
[1/14/23, 6:51 PM]: gabi_86 place block 'sand block' at -87.5, 69.5, -286.5 in world 'resource_world'
[1/14/23, 6:51 PM]: gabi_86 place block 'sand block' at -87.5, 69.5, -286.5 in world 'resource_world'
[1/14/23, 6:51 PM]: gabi_86 place block 'sand block' at -87.5, 69.5, -285.5 in world 'resource_world'
[1/14/23, 6:51 PM]: gabi_86 place block 'sand block' at -87.5, 69.5, -284.5 in world 'resource_world'
[1/14/23, 6:51 PM]: gabi_86 place block 'sand block' at -88.5, 69.5, -282.5 in world 'resource_world'
[1/14/23, 6:51 PM]: gabi_86 place block 'sand block' at -88.5, 69.5, -282.5 in world 'resource_world'
[1/14/23, 6:51 PM]: gabi_86 place block 'sand block' at -88.5, 69.5, -282.5 in world 'resource_world'
[1/14/23, 6:51 PM]: gabi_86 place block 'sand block' at -88.5, 69.5, -282.5 in world 'resource_world'
[1/14/23, 6:51 PM]: gabi_86 place block 'sand block' at -88.5, 69.5, -282.5 in world 'resource_world'
[1/14/23, 6:51 PM]: gabi_86 place block 'sand block' at -88.5, 69.5, -282.5 in world 'resource_world'
[1/14/23, 6:51 PM]: gabi_86 place block 'sand block' at -89.5, 68.5, -282.5 in world 'resource_world'
[1/14/23, 6:51 PM]: gabi_86 place block 'sand block' at -89.5, 68.5, -282.5 in world 'resource_world'
[1/14/23, 6:51 PM]: gabi_86 place block 'sand block' at -89.5, 68.5, -282.5 in world 'resource_world'
[1/14/23, 6:51 PM]: gabi_86 place block 'sand block' at -90.5, 68.5, -281.5 in world 'resource_world'
[1/14/23, 6:51 PM]: gabi_86 place block 'sand block' at -90.5, 68.5, -281.5 in world 'resource_world'
[1/14/23, 6:51 PM]: gabi_86 place block 'sand block' at -91.5, 68.5, -280.5 in world 'resource_world'
[1/14/23, 6:51 PM]: gabi_86 place block 'sand block' at -92.5, 69.5, -281.5 in world 'resource_world'
[1/14/23, 6:51 PM]: gabi_86 place block 'sand block' at -92.5, 69.5, -281.5 in world 'resource_world'
[1/14/23, 6:51 PM]: gabi_86 place block 'sand block' at -92.5, 68.5, -281.5 in world 'resource_world'
[1/14/23, 6:51 PM]: gabi_86 place block 'sand block' at -92.5, 68.5, -281.5 in world 'resource_world'
[1/14/23, 6:51 PM]: gabi_86 place block 'sand block' at -92.5, 68.5, -281.5 in world 'resource_world'
[1/14/23, 6:51 PM]: gabi_86 place block 'sand block' at -92.5, 68.5, -281.5 in world 'resource_world'
[1/14/23, 6:51 PM]: gabi_86 place block 'sand block' at -92.5, 67.5, -281.5 in world 'resource_world'
[1/14/23, 6:51 PM]: gabi_86 place block 'sand block' at -93.5, 65.5, -283.5 in world 'resource_world'
[1/14/23, 6:51 PM]: gabi_86 place block 'sand block' at -92.5, 66.5, -283.5 in world 'resource_world'
[1/14/23, 6:51 PM]: gabi_86 place block 'sand block' at -93.5, 66.5, -286.5 in world 'resource_world'
[1/14/23, 6:51 PM]: gabi_86 place block 'sand block' at -92.5, 66.5, -286.5 in world 'resource_world'
[1/14/23, 6:51 PM]: gabi_86 place block 'sand block' at -95.5, 64.5, -288.5 in world 'resource_world'
[1/14/23, 6:51 PM]: gabi_86 place block 'sand block' at -97.5, 64.5, -287.5 in world 'resource_world'
[1/14/23, 6:51 PM]: gabi_86 place block 'sand block' at -98.5, 65.5, -287.5 in world 'resource_world'
[1/14/23, 6:51 PM]: gabi_86 place block 'sand block' at -98.5, 64.5, -287.5 in world 'resource_world'
[1/14/23, 6:51 PM]: gabi_86 place block 'sand block' at -99.5, 64.5, -289.5 in world 'resource_world'
[1/14/23, 6:51 PM]: gabi_86 place block 'sand block' at -101.5, 65.5, -294.5 in world 'resource_world'
[1/14/23, 6:51 PM]: gabi_86 place block 'sand block' at -101.5, 66.5, -295.5 in world 'resource_world'
[1/14/23, 6:51 PM]: gabi_86 place block 'sand block' at -101.5, 66.5, -296.5 in world 'resource_world'
