[1/14/23, 5:38 PM]: gabi_86 a ouvert la lootcrate randmon tool et a obtenu netherite shovel named §6Excavator.
[1/14/23, 5:38 PM]: gabi_86 a ouvert la lootcrate randmon tool et a obtenu netherite axe named §eTree §6breaker.
[1/14/23, 5:38 PM]: gabi_86 a ouvert la lootcrate randmon tool et a obtenu netherite shovel named §6Excavator.
[1/14/23, 5:38 PM]: gabi_86 a ouvert la lootcrate randmon tool et a obtenu netherite hoe named §6faucil.
[1/14/23, 5:38 PM]: gabi_86 a ouvert la lootcrate randmon tool et a obtenu netherite hoe named §6faucil.
[1/14/23, 5:38 PM]: gabi_86 a ouvert la lootcrate randmon tool et a obtenu netherite shovel named §6Excavator.
[1/14/23, 5:38 PM]: gabi_86 a ouvert la lootcrate randmon tool et a obtenu netherite hoe named §6faucil.
[1/14/23, 5:38 PM]: gabi_86 a ouvert la lootcrate randmon tool et a obtenu <none>.
[1/14/23, 5:38 PM]: gabi_86 a ouvert la lootcrate randmon tool et a obtenu netherite shovel named §6Excavator.
[1/14/23, 5:35 PM]: gabi_86 a ouvert la lootcrate randmon tool et a obtenu netherite shovel named §6Excavator.
[1/14/23, 5:35 PM]: gabi_86 a ouvert la lootcrate randmon tool et a obtenu netherite shovel named §6Excavator.
[1/14/23, 5:35 PM]: gabi_86 a ouvert la lootcrate randmon tool et a obtenu netherite hoe named §6faucil.
[1/14/23, 5:35 PM]: gabi_86 a ouvert la lootcrate randmon tool et a obtenu netherite axe named §eTree §6breaker.
[1/14/23, 5:35 PM]: gabi_86 a ouvert la lootcrate randmon tool et a obtenu netherite axe named §eTree §6breaker.
[1/14/23, 5:35 PM]: gabi_86 a ouvert la lootcrate randmon tool et a obtenu netherite hoe named §6faucil.
[1/14/23, 5:35 PM]: gabi_86 a ouvert la lootcrate randmon tool et a obtenu netherite hoe named §6faucil.
[1/14/23, 5:35 PM]: gabi_86 a ouvert la lootcrate randmon tool et a obtenu netherite axe named §eTree §6breaker.
[1/14/23, 5:34 PM]: gabi_86 a ouvert la lootcrate randmon tool et a obtenu netherite shovel named §6Excavator.
gabi_86 a ouvert la lootcrate randmon tool et a obtenu netherite hoe named §6faucil à 1/14/23, 5:28 PM.
gabi_86 a ouvert la lootcrate randmon tool et a obtenu netherite shovel named §6Excavator à 1/14/23, 5:28 PM.
gabi_86 a ouvert la lootcrate randmon tool et a obtenu netherite shovel named §6Excavator à 1/14/23, 5:28 PM.
gabi_86 a ouvert la lootcrate randmon tool et a obtenu netherite axe named §eTree §6breaker à 1/14/23, 5:28 PM.
gabi_86 a ouvert la lootcrate randmon tool et a obtenu netherite hoe named §6faucil à 1/14/23, 5:28 PM.
gabi_86 a ouvert la lootcrate randmon tool et a obtenu netherite shovel named §6Excavator à 1/14/23, 5:28 PM.
gabi_86 a ouvert la lootcrate randmon tool et a obtenu netherite shovel named §6Excavator à 1/14/23, 5:28 PM.
gabi_86 a ouvert la lootcrate randmon tool et a obtenu netherite shovel named §6Excavator à 1/14/23, 5:28 PM.
gabi_86 a ouvert la lootcrate randmon tool et a obtenu netherite hoe named §6faucil à 1/14/23, 5:27 PM.

